[Set 0: {Way 0:               0, C} {Way 1:               0, C} LRU: 0] [Set 1: {Way 0:               0, C} {Way 1:               0, C} LRU: 0]  | 482200 L miss clean
[Set 0: {Way 0:            9044, C} {Way 1:               0, C} LRU: 1] [Set 1: {Way 0:               0, C} {Way 1:               0, C} LRU: 0]  | 6f1580 L miss clean
[Set 0: {Way 0:            9044, C} {Way 1:            de2b, C} LRU: 0] [Set 1: {Way 0:               0, C} {Way 1:               0, C} LRU: 0]  | 482200 L  hit    --
[Set 0: {Way 0:            9044, C} {Way 1:            de2b, C} LRU: 1] [Set 1: {Way 0:               0, C} {Way 1:               0, C} LRU: 0]  | 6f15c0 L miss clean
[Set 0: {Way 0:            9044, C} {Way 1:            de2b, C} LRU: 1] [Set 1: {Way 0:            de2b, C} {Way 1:               0, C} LRU: 1]  | 482200 L  hit    --
[Set 0: {Way 0:            9044, C} {Way 1:            de2b, C} LRU: 1] [Set 1: {Way 0:            de2b, C} {Way 1:               0, C} LRU: 1]  | 6f1580 L  hit    --
[Set 0: {Way 0:            9044, C} {Way 1:            de2b, C} LRU: 0] [Set 1: {Way 0:            de2b, C} {Way 1:               0, C} LRU: 1]  | 47dd80 L miss clean
[Set 0: {Way 0:            8fbb, C} {Way 1:            de2b, C} LRU: 1] [Set 1: {Way 0:            de2b, C} {Way 1:               0, C} LRU: 1]  | 6f15c0 L  hit    --
[Set 0: {Way 0:            8fbb, C} {Way 1:            de2b, C} LRU: 1] [Set 1: {Way 0:            de2b, C} {Way 1:               0, C} LRU: 1]  | 47dd80 L  hit    --
[Set 0: {Way 0:            8fbb, C} {Way 1:            de2b, C} LRU: 1] [Set 1: {Way 0:            de2b, C} {Way 1:               0, C} LRU: 1]  | 6f1580 L  hit    --
[Set 0: {Way 0:            8fbb, C} {Way 1:            de2b, C} LRU: 0] [Set 1: {Way 0:            de2b, C} {Way 1:               0, C} LRU: 1]  | 47dd80 L  hit    --
[Set 0: {Way 0:            8fbb, C} {Way 1:            de2b, C} LRU: 1] [Set 1: {Way 0:            de2b, C} {Way 1:               0, C} LRU: 1]  | 6f1600 L miss clean
[Set 0: {Way 0:            8fbb, C} {Way 1:            de2c, C} LRU: 0] [Set 1: {Way 0:            de2b, C} {Way 1:               0, C} LRU: 1]  | 47dd80 L  hit    --
[Set 0: {Way 0:            8fbb, C} {Way 1:            de2c, C} LRU: 1] [Set 1: {Way 0:            de2b, C} {Way 1:               0, C} LRU: 1]  | 6f1580 L miss clean
[Set 0: {Way 0:            8fbb, C} {Way 1:            de2b, C} LRU: 0] [Set 1: {Way 0:            de2b, C} {Way 1:               0, C} LRU: 1]  | 47dd80 L  hit    --
[Set 0: {Way 0:            8fbb, C} {Way 1:            de2b, C} LRU: 1] [Set 1: {Way 0:            de2b, C} {Way 1:               0, C} LRU: 1]  | 6f1600 L miss clean
[Set 0: {Way 0:            8fbb, C} {Way 1:            de2c, C} LRU: 0] [Set 1: {Way 0:            de2b, C} {Way 1:               0, C} LRU: 1]  | 47dd80 L  hit    --
[Set 0: {Way 0:            8fbb, C} {Way 1:            de2c, C} LRU: 1] [Set 1: {Way 0:            de2b, C} {Way 1:               0, C} LRU: 1]  | 6f1540 L miss clean
[Set 0: {Way 0:            8fbb, C} {Way 1:            de2c, C} LRU: 1] [Set 1: {Way 0:            de2b, C} {Way 1:            de2a, C} LRU: 0]  | 47dd80 L  hit    --
[Set 0: {Way 0:            8fbb, C} {Way 1:            de2c, C} LRU: 1] [Set 1: {Way 0:            de2b, C} {Way 1:            de2a, C} LRU: 0]  | 6f1600 L  hit    --
[Set 0: {Way 0:            8fbb, C} {Way 1:            de2c, C} LRU: 0] [Set 1: {Way 0:            de2b, C} {Way 1:            de2a, C} LRU: 0]  | 47dd80 L  hit    --
[Set 0: {Way 0:            8fbb, C} {Way 1:            de2c, C} LRU: 1] [Set 1: {Way 0:            de2b, C} {Way 1:            de2a, C} LRU: 0]  | 6f1540 L  hit    --
[Set 0: {Way 0:            8fbb, C} {Way 1:            de2c, C} LRU: 1] [Set 1: {Way 0:            de2b, C} {Way 1:            de2a, C} LRU: 0]  | 4821c0 L miss clean
[Set 0: {Way 0:            8fbb, C} {Way 1:            de2c, C} LRU: 1] [Set 1: {Way 0:            9043, C} {Way 1:            de2a, C} LRU: 1]  | 6f15c0 L miss clean
[Set 0: {Way 0:            8fbb, C} {Way 1:            de2c, C} LRU: 1] [Set 1: {Way 0:            9043, C} {Way 1:            de2b, C} LRU: 0]  | 4821c0 L  hit    --
[Set 0: {Way 0:            8fbb, C} {Way 1:            de2c, C} LRU: 1] [Set 1: {Way 0:            9043, C} {Way 1:            de2b, C} LRU: 1]  | 6f1580 L miss clean
[Set 0: {Way 0:            8fbb, C} {Way 1:            de2b, C} LRU: 0] [Set 1: {Way 0:            9043, C} {Way 1:            de2b, C} LRU: 1]  | 6f1540 L miss clean
[Set 0: {Way 0:            8fbb, C} {Way 1:            de2b, C} LRU: 0] [Set 1: {Way 0:            9043, C} {Way 1:            de2a, C} LRU: 0]  | 6f1500 L miss clean
[Set 0: {Way 0:            de2a, C} {Way 1:            de2b, C} LRU: 1] [Set 1: {Way 0:            9043, C} {Way 1:            de2a, C} LRU: 0]  | 4821c0 L  hit    --
[Set 0: {Way 0:            de2a, C} {Way 1:            de2b, C} LRU: 1] [Set 1: {Way 0:            9043, C} {Way 1:            de2a, C} LRU: 1]  | 6f15c0 L miss clean
[Set 0: {Way 0:            de2a, C} {Way 1:            de2b, C} LRU: 1] [Set 1: {Way 0:            9043, C} {Way 1:            de2b, C} LRU: 0]  | 6f15c0 L  hit    --
[Set 0: {Way 0:            de2a, C} {Way 1:            de2b, C} LRU: 1] [Set 1: {Way 0:            9043, C} {Way 1:            de2b, C} LRU: 0]  | 6f15c0 L  hit    --
[Set 0: {Way 0:            de2a, C} {Way 1:            de2b, C} LRU: 1] [Set 1: {Way 0:            9043, C} {Way 1:            de2b, C} LRU: 0]  | 4821c0 L  hit    --
[Set 0: {Way 0:            de2a, C} {Way 1:            de2b, C} LRU: 1] [Set 1: {Way 0:            9043, C} {Way 1:            de2b, C} LRU: 1]  | 6f15c0 L  hit    --
[Set 0: {Way 0:            de2a, C} {Way 1:            de2b, C} LRU: 1] [Set 1: {Way 0:            9043, C} {Way 1:            de2b, C} LRU: 0]  | 6f15c0 L  hit    --
[Set 0: {Way 0:            de2a, C} {Way 1:            de2b, C} LRU: 1] [Set 1: {Way 0:            9043, C} {Way 1:            de2b, C} LRU: 0]  | 6f1580 L  hit    --
[Set 0: {Way 0:            de2a, C} {Way 1:            de2b, C} LRU: 0] [Set 1: {Way 0:            9043, C} {Way 1:            de2b, C} LRU: 0]  | 6f1580 L  hit    --
[Set 0: {Way 0:            de2a, C} {Way 1:            de2b, C} LRU: 0] [Set 1: {Way 0:            9043, C} {Way 1:            de2b, C} LRU: 0]  | 7fffe7c9980 L miss clean
[Set 0: {Way 0:       ffffcf933, C} {Way 1:            de2b, C} LRU: 1] [Set 1: {Way 0:            9043, C} {Way 1:            de2b, C} LRU: 0]  | 7fffe7c9980 L  hit    --
[Set 0: {Way 0:       ffffcf933, C} {Way 1:            de2b, C} LRU: 1] [Set 1: {Way 0:            9043, C} {Way 1:            de2b, C} LRU: 0]  | 7fffe7c9980 S  hit    --
[Set 0: {Way 0:       ffffcf933, D} {Way 1:            de2b, C} LRU: 1] [Set 1: {Way 0:            9043, C} {Way 1:            de2b, C} LRU: 0]  | 6ef5c0 L miss clean
[Set 0: {Way 0:       ffffcf933, D} {Way 1:            de2b, C} LRU: 1] [Set 1: {Way 0:            ddeb, C} {Way 1:            de2b, C} LRU: 1]  | 7fffe7cab80 L miss clean
[Set 0: {Way 0:       ffffcf933, D} {Way 1:       ffffcf957, C} LRU: 0] [Set 1: {Way 0:            ddeb, C} {Way 1:            de2b, C} LRU: 1]  | 7fffe7cab80 L  hit    --
[Set 0: {Way 0:       ffffcf933, D} {Way 1:       ffffcf957, C} LRU: 0] [Set 1: {Way 0:            ddeb, C} {Way 1:            de2b, C} LRU: 1]  | 6f1540 L miss clean
[Set 0: {Way 0:       ffffcf933, D} {Way 1:       ffffcf957, C} LRU: 0] [Set 1: {Way 0:            ddeb, C} {Way 1:            de2a, C} LRU: 0]  | 6eff80 L miss dirty
[Set 0: {Way 0:            ddff, C} {Way 1:       ffffcf957, C} LRU: 1] [Set 1: {Way 0:            ddeb, C} {Way 1:            de2a, C} LRU: 0]  | 47d9c0 L miss clean
[Set 0: {Way 0:            ddff, C} {Way 1:       ffffcf957, C} LRU: 1] [Set 1: {Way 0:            8fb3, C} {Way 1:            de2a, C} LRU: 1]  | 6f1540 L  hit    --
[Set 0: {Way 0:            ddff, C} {Way 1:       ffffcf957, C} LRU: 1] [Set 1: {Way 0:            8fb3, C} {Way 1:            de2a, C} LRU: 0]  | 6f1500 L miss clean
[Set 0: {Way 0:            ddff, C} {Way 1:            de2a, C} LRU: 0] [Set 1: {Way 0:            8fb3, C} {Way 1:            de2a, C} LRU: 0]  | 6f13c0 L miss clean
[Set 0: {Way 0:            ddff, C} {Way 1:            de2a, C} LRU: 0] [Set 1: {Way 0:            de27, C} {Way 1:            de2a, C} LRU: 1]  | 47e1c0 L miss clean
[Set 0: {Way 0:            ddff, C} {Way 1:            de2a, C} LRU: 0] [Set 1: {Way 0:            de27, C} {Way 1:            8fc3, C} LRU: 0]  | 47e300 L miss clean
[Set 0: {Way 0:            8fc6, C} {Way 1:            de2a, C} LRU: 1] [Set 1: {Way 0:            de27, C} {Way 1:            8fc3, C} LRU: 0]  | 47df80 L miss clean
[Set 0: {Way 0:            8fc6, C} {Way 1:            8fbf, C} LRU: 0] [Set 1: {Way 0:            de27, C} {Way 1:            8fc3, C} LRU: 0]  | 47e0c0 L miss clean
[Set 0: {Way 0:            8fc6, C} {Way 1:            8fbf, C} LRU: 0] [Set 1: {Way 0:            8fc1, C} {Way 1:            8fc3, C} LRU: 1]  | 47e400 L miss clean
[Set 0: {Way 0:            8fc8, C} {Way 1:            8fbf, C} LRU: 1] [Set 1: {Way 0:            8fc1, C} {Way 1:            8fc3, C} LRU: 1]  | 47e540 L miss clean
[Set 0: {Way 0:            8fc8, C} {Way 1:            8fbf, C} LRU: 1] [Set 1: {Way 0:            8fc1, C} {Way 1:            8fca, C} LRU: 0]  | 47e640 L miss clean
[Set 0: {Way 0:            8fc8, C} {Way 1:            8fbf, C} LRU: 1] [Set 1: {Way 0:            8fcc, C} {Way 1:            8fca, C} LRU: 1]  | 47e780 L miss clean
[Set 0: {Way 0:            8fc8, C} {Way 1:            8fcf, C} LRU: 0] [Set 1: {Way 0:            8fcc, C} {Way 1:            8fca, C} LRU: 1]  | 7fffe7c9980 L miss clean
[Set 0: {Way 0:       ffffcf933, C} {Way 1:            8fcf, C} LRU: 1] [Set 1: {Way 0:            8fcc, C} {Way 1:            8fca, C} LRU: 1]  | 6eea00 S miss clean
[Set 0: {Way 0:       ffffcf933, C} {Way 1:            ddd4, D} LRU: 0] [Set 1: {Way 0:            8fcc, C} {Way 1:            8fca, C} LRU: 1]  | 6ef5c0 L miss clean
[Set 0: {Way 0:       ffffcf933, C} {Way 1:            ddd4, D} LRU: 0] [Set 1: {Way 0:            8fcc, C} {Way 1:            ddeb, C} LRU: 0]  | 7fffe7c99c0 L miss clean
[Set 0: {Way 0:       ffffcf933, C} {Way 1:            ddd4, D} LRU: 0] [Set 1: {Way 0:       ffffcf933, C} {Way 1:            ddeb, C} LRU: 1]  | 7fffe7cab80 L miss clean
[Set 0: {Way 0:       ffffcf957, C} {Way 1:            ddd4, D} LRU: 1] [Set 1: {Way 0:       ffffcf933, C} {Way 1:            ddeb, C} LRU: 1]  | 6f1540 L miss clean
[Set 0: {Way 0:       ffffcf957, C} {Way 1:            ddd4, D} LRU: 1] [Set 1: {Way 0:       ffffcf933, C} {Way 1:            de2a, C} LRU: 0]  | 47e2c0 L miss clean
[Set 0: {Way 0:       ffffcf957, C} {Way 1:            ddd4, D} LRU: 1] [Set 1: {Way 0:            8fc5, C} {Way 1:            de2a, C} LRU: 1]  | 7fffe7cab80 L  hit    --
[Set 0: {Way 0:       ffffcf957, C} {Way 1:            ddd4, D} LRU: 1] [Set 1: {Way 0:            8fc5, C} {Way 1:            de2a, C} LRU: 1]  | 7fffe7c99c0 L miss clean
[Set 0: {Way 0:       ffffcf957, C} {Way 1:            ddd4, D} LRU: 1] [Set 1: {Way 0:            8fc5, C} {Way 1:       ffffcf933, C} LRU: 0]  | 7fffe7c99c0 L  hit    --
[Set 0: {Way 0:       ffffcf957, C} {Way 1:            ddd4, D} LRU: 1] [Set 1: {Way 0:            8fc5, C} {Way 1:       ffffcf933, C} LRU: 0]  | 7fffe7c99c0 L  hit    --
[Set 0: {Way 0:       ffffcf957, C} {Way 1:            ddd4, D} LRU: 1] [Set 1: {Way 0:            8fc5, C} {Way 1:       ffffcf933, C} LRU: 0]  | 7fffe7c99c0 L  hit    --
[Set 0: {Way 0:       ffffcf957, C} {Way 1:            ddd4, D} LRU: 1] [Set 1: {Way 0:            8fc5, C} {Way 1:       ffffcf933, C} LRU: 0]  | 7fffe7c9980 S miss dirty
[Set 0: {Way 0:       ffffcf957, C} {Way 1:       ffffcf933, D} LRU: 0] [Set 1: {Way 0:            8fc5, C} {Way 1:       ffffcf933, C} LRU: 0]  | 7fffe7c9980 S  hit    --
[Set 0: {Way 0:       ffffcf957, C} {Way 1:       ffffcf933, D} LRU: 0] [Set 1: {Way 0:            8fc5, C} {Way 1:       ffffcf933, C} LRU: 0]  | 7fffe7c9980 S  hit    --
[Set 0: {Way 0:       ffffcf957, C} {Way 1:       ffffcf933, D} LRU: 0] [Set 1: {Way 0:            8fc5, C} {Way 1:       ffffcf933, C} LRU: 0]  | 7fffe7c9980 S  hit    --
[Set 0: {Way 0:       ffffcf957, C} {Way 1:       ffffcf933, D} LRU: 0] [Set 1: {Way 0:            8fc5, C} {Way 1:       ffffcf933, C} LRU: 0]  | 7fffe7c9980 S  hit    --
[Set 0: {Way 0:       ffffcf957, C} {Way 1:       ffffcf933, D} LRU: 0] [Set 1: {Way 0:            8fc5, C} {Way 1:       ffffcf933, C} LRU: 0]  | 7fffe7c9980 S  hit    --
[Set 0: {Way 0:       ffffcf957, C} {Way 1:       ffffcf933, D} LRU: 0] [Set 1: {Way 0:            8fc5, C} {Way 1:       ffffcf933, C} LRU: 0]  | 7fffe7c9940 S miss clean
[Set 0: {Way 0:       ffffcf957, C} {Way 1:       ffffcf933, D} LRU: 0] [Set 1: {Way 0:       ffffcf932, D} {Way 1:       ffffcf933, C} LRU: 1]  | 6f1380 L miss clean
[Set 0: {Way 0:            de27, C} {Way 1:       ffffcf933, D} LRU: 1] [Set 1: {Way 0:       ffffcf932, D} {Way 1:       ffffcf933, C} LRU: 1]  | 6f1380 S  hit    --
[Set 0: {Way 0:            de27, D} {Way 1:       ffffcf933, D} LRU: 1] [Set 1: {Way 0:       ffffcf932, D} {Way 1:       ffffcf933, C} LRU: 1]  | 7fffe7c5900 S miss dirty
[Set 0: {Way 0:            de27, D} {Way 1:       ffffcf8b2, D} LRU: 0] [Set 1: {Way 0:       ffffcf932, D} {Way 1:       ffffcf933, C} LRU: 1]  | 7fffe7c5940 S miss clean
[Set 0: {Way 0:            de27, D} {Way 1:       ffffcf8b2, D} LRU: 0] [Set 1: {Way 0:       ffffcf932, D} {Way 1:       ffffcf8b2, D} LRU: 0]  | 7fffe7c5940 S  hit    --
[Set 0: {Way 0:            de27, D} {Way 1:       ffffcf8b2, D} LRU: 0] [Set 1: {Way 0:       ffffcf932, D} {Way 1:       ffffcf8b2, D} LRU: 0]  | 7fffe7c5900 S  hit    --
[Set 0: {Way 0:            de27, D} {Way 1:       ffffcf8b2, D} LRU: 0] [Set 1: {Way 0:       ffffcf932, D} {Way 1:       ffffcf8b2, D} LRU: 0]  | 7fffe7c5940 S  hit    --
[Set 0: {Way 0:            de27, D} {Way 1:       ffffcf8b2, D} LRU: 0] [Set 1: {Way 0:       ffffcf932, D} {Way 1:       ffffcf8b2, D} LRU: 0]  | 6ef5c0 L miss dirty
[Set 0: {Way 0:            de27, D} {Way 1:       ffffcf8b2, D} LRU: 0] [Set 1: {Way 0:            ddeb, C} {Way 1:       ffffcf8b2, D} LRU: 1]  | 6f1880 S miss dirty
[Set 0: {Way 0:            de31, D} {Way 1:       ffffcf8b2, D} LRU: 1] [Set 1: {Way 0:            ddeb, C} {Way 1:       ffffcf8b2, D} LRU: 1]  | 7fffe7c5900 S  hit    --
[Set 0: {Way 0:            de31, D} {Way 1:       ffffcf8b2, D} LRU: 0] [Set 1: {Way 0:            ddeb, C} {Way 1:       ffffcf8b2, D} LRU: 1]  | 6f1240 L miss dirty
[Set 0: {Way 0:            de31, D} {Way 1:       ffffcf8b2, D} LRU: 0] [Set 1: {Way 0:            ddeb, C} {Way 1:            de24, C} LRU: 0]  | 7fffe7c5900 L  hit    --
[Set 0: {Way 0:            de31, D} {Way 1:       ffffcf8b2, D} LRU: 0] [Set 1: {Way 0:            ddeb, C} {Way 1:            de24, C} LRU: 0]  | 6eea00 L miss dirty
[Set 0: {Way 0:            ddd4, C} {Way 1:       ffffcf8b2, D} LRU: 1] [Set 1: {Way 0:            ddeb, C} {Way 1:            de24, C} LRU: 0]  | 7fffe7c5940 S miss clean
[Set 0: {Way 0:            ddd4, C} {Way 1:       ffffcf8b2, D} LRU: 1] [Set 1: {Way 0:       ffffcf8b2, D} {Way 1:            de24, C} LRU: 1]  | 6eeec0 S miss clean
[Set 0: {Way 0:            ddd4, C} {Way 1:       ffffcf8b2, D} LRU: 1] [Set 1: {Way 0:       ffffcf8b2, D} {Way 1:            dddd, D} LRU: 0]  | 7fffe7c5940 S  hit    --
[Set 0: {Way 0:            ddd4, C} {Way 1:       ffffcf8b2, D} LRU: 1] [Set 1: {Way 0:       ffffcf8b2, D} {Way 1:            dddd, D} LRU: 1]  | 7fffe7c5940 L  hit    --
[Set 0: {Way 0:            ddd4, C} {Way 1:       ffffcf8b2, D} LRU: 1] [Set 1: {Way 0:       ffffcf8b2, D} {Way 1:            dddd, D} LRU: 1]  | 6ef5c0 L miss dirty
[Set 0: {Way 0:            ddd4, C} {Way 1:       ffffcf8b2, D} LRU: 1] [Set 1: {Way 0:       ffffcf8b2, D} {Way 1:            ddeb, C} LRU: 0]  | 7071c0 S miss dirty
[Set 0: {Way 0:            ddd4, C} {Way 1:       ffffcf8b2, D} LRU: 1] [Set 1: {Way 0:            e0e3, D} {Way 1:            ddeb, C} LRU: 1]  | 7fffe7c5900 L  hit    --
[Set 0: {Way 0:            ddd4, C} {Way 1:       ffffcf8b2, D} LRU: 0] [Set 1: {Way 0:            e0e3, D} {Way 1:            ddeb, C} LRU: 1]  | 7fffe7c5940 L miss clean
[Set 0: {Way 0:            ddd4, C} {Way 1:       ffffcf8b2, D} LRU: 0] [Set 1: {Way 0:            e0e3, D} {Way 1:       ffffcf8b2, C} LRU: 0]  | 7fffe7c5900 S  hit    --
[Set 0: {Way 0:            ddd4, C} {Way 1:       ffffcf8b2, D} LRU: 0] [Set 1: {Way 0:            e0e3, D} {Way 1:       ffffcf8b2, C} LRU: 0]  | 7fffe7c5900 S  hit    --
[Set 0: {Way 0:            ddd4, C} {Way 1:       ffffcf8b2, D} LRU: 0] [Set 1: {Way 0:            e0e3, D} {Way 1:       ffffcf8b2, C} LRU: 0]  | 7fffe7c5900 S  hit    --
[Set 0: {Way 0:            ddd4, C} {Way 1:       ffffcf8b2, D} LRU: 0] [Set 1: {Way 0:            e0e3, D} {Way 1:       ffffcf8b2, C} LRU: 0]  | 7fffe7c5900 S  hit    --
[Set 0: {Way 0:            ddd4, C} {Way 1:       ffffcf8b2, D} LRU: 0] [Set 1: {Way 0:            e0e3, D} {Way 1:       ffffcf8b2, C} LRU: 0]  | 7fffe7c58c0 S miss dirty
[Set 0: {Way 0:            ddd4, C} {Way 1:       ffffcf8b2, D} LRU: 0] [Set 1: {Way 0:       ffffcf8b1, D} {Way 1:       ffffcf8b2, C} LRU: 1]  | 7fffe7c58c0 S  hit    --
[Set 0: {Way 0:            ddd4, C} {Way 1:       ffffcf8b2, D} LRU: 0] [Set 1: {Way 0:       ffffcf8b1, D} {Way 1:       ffffcf8b2, C} LRU: 1]  | 7fffe7c58c0 S  hit    --
[Set 0: {Way 0:            ddd4, C} {Way 1:       ffffcf8b2, D} LRU: 0] [Set 1: {Way 0:       ffffcf8b1, D} {Way 1:       ffffcf8b2, C} LRU: 1]  | 6ef5c0 L miss clean
[Set 0: {Way 0:            ddd4, C} {Way 1:       ffffcf8b2, D} LRU: 0] [Set 1: {Way 0:       ffffcf8b1, D} {Way 1:            ddeb, C} LRU: 0]  | 6f1880 S miss clean
[Set 0: {Way 0:            de31, D} {Way 1:       ffffcf8b2, D} LRU: 1] [Set 1: {Way 0:       ffffcf8b1, D} {Way 1:            ddeb, C} LRU: 0]  | 6f1380 L miss dirty
[Set 0: {Way 0:            de31, D} {Way 1:            de27, C} LRU: 0] [Set 1: {Way 0:       ffffcf8b1, D} {Way 1:            ddeb, C} LRU: 0]  | 7fffe7c18c0 S miss dirty
[Set 0: {Way 0:            de31, D} {Way 1:            de27, C} LRU: 0] [Set 1: {Way 0:       ffffcf831, D} {Way 1:            ddeb, C} LRU: 1]  | 7fffe7c18c0 S  hit    --
[Set 0: {Way 0:            de31, D} {Way 1:            de27, C} LRU: 0] [Set 1: {Way 0:       ffffcf831, D} {Way 1:            ddeb, C} LRU: 1]  | 7fffe7c18c0 S  hit    --
[Set 0: {Way 0:            de31, D} {Way 1:            de27, C} LRU: 0] [Set 1: {Way 0:       ffffcf831, D} {Way 1:            ddeb, C} LRU: 1]  | 7fffe7c18c0 L  hit    --
[Set 0: {Way 0:            de31, D} {Way 1:            de27, C} LRU: 0] [Set 1: {Way 0:       ffffcf831, D} {Way 1:            ddeb, C} LRU: 1]  | 6ef5c0 L  hit    --
[Set 0: {Way 0:            de31, D} {Way 1:            de27, C} LRU: 0] [Set 1: {Way 0:       ffffcf831, D} {Way 1:            ddeb, C} LRU: 0]  | 6f1380 L  hit    --
[Set 0: {Way 0:            de31, D} {Way 1:            de27, C} LRU: 0] [Set 1: {Way 0:       ffffcf831, D} {Way 1:            ddeb, C} LRU: 0]  | 6f1380 S  hit    --
[Set 0: {Way 0:            de31, D} {Way 1:            de27, D} LRU: 0] [Set 1: {Way 0:       ffffcf831, D} {Way 1:            ddeb, C} LRU: 0]  | 6f1380 L  hit    --
[Set 0: {Way 0:            de31, D} {Way 1:            de27, D} LRU: 0] [Set 1: {Way 0:       ffffcf831, D} {Way 1:            ddeb, C} LRU: 0]  | 6f1380 S  hit    --
[Set 0: {Way 0:            de31, D} {Way 1:            de27, D} LRU: 0] [Set 1: {Way 0:       ffffcf831, D} {Way 1:            ddeb, C} LRU: 0]  | 91de80 L miss dirty
[Set 0: {Way 0:           123bd, C} {Way 1:            de27, D} LRU: 1] [Set 1: {Way 0:       ffffcf831, D} {Way 1:            ddeb, C} LRU: 0]  | 91de80 S  hit    --
[Set 0: {Way 0:           123bd, D} {Way 1:            de27, D} LRU: 1] [Set 1: {Way 0:       ffffcf831, D} {Way 1:            ddeb, C} LRU: 0]  | 91de80 L  hit    --
[Set 0: {Way 0:           123bd, D} {Way 1:            de27, D} LRU: 1] [Set 1: {Way 0:       ffffcf831, D} {Way 1:            ddeb, C} LRU: 0]  | 91bf00 L miss dirty
[Set 0: {Way 0:           123bd, D} {Way 1:           1237e, C} LRU: 0] [Set 1: {Way 0:       ffffcf831, D} {Way 1:            ddeb, C} LRU: 0]  | 2ad8681a140 L miss dirty
[Set 0: {Way 0:           123bd, D} {Way 1:           1237e, C} LRU: 0] [Set 1: {Way 0:       55b0d0342, C} {Way 1:            ddeb, C} LRU: 1]  | 7fffe7c18c0 S miss clean
[Set 0: {Way 0:           123bd, D} {Way 1:           1237e, C} LRU: 0] [Set 1: {Way 0:       55b0d0342, C} {Way 1:       ffffcf831, D} LRU: 0]  | 7fffe7c18c0 L  hit    --
[Set 0: {Way 0:           123bd, D} {Way 1:           1237e, C} LRU: 0] [Set 1: {Way 0:       55b0d0342, C} {Way 1:       ffffcf831, D} LRU: 0]  | 7fffe7c18c0 L  hit    --
[Set 0: {Way 0:           123bd, D} {Way 1:           1237e, C} LRU: 0] [Set 1: {Way 0:       55b0d0342, C} {Way 1:       ffffcf831, D} LRU: 0]  | 7fffe7c1880 S miss dirty
[Set 0: {Way 0:       ffffcf831, D} {Way 1:           1237e, C} LRU: 1] [Set 1: {Way 0:       55b0d0342, C} {Way 1:       ffffcf831, D} LRU: 0]  | 7fffe7c1880 S  hit    --
[Set 0: {Way 0:       ffffcf831, D} {Way 1:           1237e, C} LRU: 1] [Set 1: {Way 0:       55b0d0342, C} {Way 1:       ffffcf831, D} LRU: 0]  | 7fffe7c1880 S  hit    --
[Set 0: {Way 0:       ffffcf831, D} {Way 1:           1237e, C} LRU: 1] [Set 1: {Way 0:       55b0d0342, C} {Way 1:       ffffcf831, D} LRU: 0]  | 7fffe7c1880 S  hit    --
[Set 0: {Way 0:       ffffcf831, D} {Way 1:           1237e, C} LRU: 1] [Set 1: {Way 0:       55b0d0342, C} {Way 1:       ffffcf831, D} LRU: 0]  | 7fffe7c1880 S  hit    --
[Set 0: {Way 0:       ffffcf831, D} {Way 1:           1237e, C} LRU: 1] [Set 1: {Way 0:       55b0d0342, C} {Way 1:       ffffcf831, D} LRU: 0]  | 7fffe7c1880 S  hit    --
[Set 0: {Way 0:       ffffcf831, D} {Way 1:           1237e, C} LRU: 1] [Set 1: {Way 0:       55b0d0342, C} {Way 1:       ffffcf831, D} LRU: 0]  | 7fffe7c1880 S  hit    --
[Set 0: {Way 0:       ffffcf831, D} {Way 1:           1237e, C} LRU: 1] [Set 1: {Way 0:       55b0d0342, C} {Way 1:       ffffcf831, D} LRU: 0]  | 6ef5c0 L miss clean
[Set 0: {Way 0:       ffffcf831, D} {Way 1:           1237e, C} LRU: 1] [Set 1: {Way 0:            ddeb, C} {Way 1:       ffffcf831, D} LRU: 1]  | 6c5440 L miss dirty
[Set 0: {Way 0:       ffffcf831, D} {Way 1:           1237e, C} LRU: 1] [Set 1: {Way 0:            ddeb, C} {Way 1:            d8a8, C} LRU: 0]  | 6eff80 L miss clean
[Set 0: {Way 0:       ffffcf831, D} {Way 1:            ddff, C} LRU: 0] [Set 1: {Way 0:            ddeb, C} {Way 1:            d8a8, C} LRU: 0]  | 6edc80 L miss dirty
[Set 0: {Way 0:            ddb9, C} {Way 1:            ddff, C} LRU: 1] [Set 1: {Way 0:            ddeb, C} {Way 1:            d8a8, C} LRU: 0]  | 7fffe7c1880 L miss clean
[Set 0: {Way 0:            ddb9, C} {Way 1:       ffffcf831, C} LRU: 0] [Set 1: {Way 0:            ddeb, C} {Way 1:            d8a8, C} LRU: 0]  | 7fffe7c1880 L  hit    --
[Set 0: {Way 0:            ddb9, C} {Way 1:       ffffcf831, C} LRU: 0] [Set 1: {Way 0:            ddeb, C} {Way 1:            d8a8, C} LRU: 0]  | 7fffe7c1880 L  hit    --
[Set 0: {Way 0:            ddb9, C} {Way 1:       ffffcf831, C} LRU: 0] [Set 1: {Way 0:            ddeb, C} {Way 1:            d8a8, C} LRU: 0]  | 7fffe7c1880 L  hit    --
[Set 0: {Way 0:            ddb9, C} {Way 1:       ffffcf831, C} LRU: 0] [Set 1: {Way 0:            ddeb, C} {Way 1:            d8a8, C} LRU: 0]  | 7fffe7c1880 L  hit    --
[Set 0: {Way 0:            ddb9, C} {Way 1:       ffffcf831, C} LRU: 0] [Set 1: {Way 0:            ddeb, C} {Way 1:            d8a8, C} LRU: 0]  | 7fffe7c1880 L  hit    --
[Set 0: {Way 0:            ddb9, C} {Way 1:       ffffcf831, C} LRU: 0] [Set 1: {Way 0:            ddeb, C} {Way 1:            d8a8, C} LRU: 0]  | 7fffe7c1880 L  hit    --
[Set 0: {Way 0:            ddb9, C} {Way 1:       ffffcf831, C} LRU: 0] [Set 1: {Way 0:            ddeb, C} {Way 1:            d8a8, C} LRU: 0]  | 7fffe7c1880 S  hit    --
[Set 0: {Way 0:            ddb9, C} {Way 1:       ffffcf831, D} LRU: 0] [Set 1: {Way 0:            ddeb, C} {Way 1:            d8a8, C} LRU: 0]  | 7fffe7c1880 S  hit    --
[Set 0: {Way 0:            ddb9, C} {Way 1:       ffffcf831, D} LRU: 0] [Set 1: {Way 0:            ddeb, C} {Way 1:            d8a8, C} LRU: 0]  | 7fffe7c1880 S  hit    --
[Set 0: {Way 0:            ddb9, C} {Way 1:       ffffcf831, D} LRU: 0] [Set 1: {Way 0:            ddeb, C} {Way 1:            d8a8, C} LRU: 0]  | 7fffe7c1880 S  hit    --
[Set 0: {Way 0:            ddb9, C} {Way 1:       ffffcf831, D} LRU: 0] [Set 1: {Way 0:            ddeb, C} {Way 1:            d8a8, C} LRU: 0]  | 7fffe7c1880 S  hit    --
[Set 0: {Way 0:            ddb9, C} {Way 1:       ffffcf831, D} LRU: 0] [Set 1: {Way 0:            ddeb, C} {Way 1:            d8a8, C} LRU: 0]  | 7fffe7c1880 S  hit    --
[Set 0: {Way 0:            ddb9, C} {Way 1:       ffffcf831, D} LRU: 0] [Set 1: {Way 0:            ddeb, C} {Way 1:            d8a8, C} LRU: 0]  | 7fffe7c1880 S  hit    --
[Set 0: {Way 0:            ddb9, C} {Way 1:       ffffcf831, D} LRU: 0] [Set 1: {Way 0:            ddeb, C} {Way 1:            d8a8, C} LRU: 0]  | 6c5440 S  hit    --
[Set 0: {Way 0:            ddb9, C} {Way 1:       ffffcf831, D} LRU: 0] [Set 1: {Way 0:            ddeb, C} {Way 1:            d8a8, D} LRU: 0]  | 6c5440 S  hit    --
[Set 0: {Way 0:            ddb9, C} {Way 1:       ffffcf831, D} LRU: 0] [Set 1: {Way 0:            ddeb, C} {Way 1:            d8a8, D} LRU: 0]  | 6c5440 S  hit    --
[Set 0: {Way 0:            ddb9, C} {Way 1:       ffffcf831, D} LRU: 0] [Set 1: {Way 0:            ddeb, C} {Way 1:            d8a8, D} LRU: 0]  | 6ef5c0 L  hit    --
[Set 0: {Way 0:            ddb9, C} {Way 1:       ffffcf831, D} LRU: 0] [Set 1: {Way 0:            ddeb, C} {Way 1:            d8a8, D} LRU: 1]  | 6f13c0 L miss dirty
[Set 0: {Way 0:            ddb9, C} {Way 1:       ffffcf831, D} LRU: 0] [Set 1: {Way 0:            ddeb, C} {Way 1:            de27, C} LRU: 0]  | 7fffe7c1880 S  hit    --
[Set 0: {Way 0:            ddb9, C} {Way 1:       ffffcf831, D} LRU: 0] [Set 1: {Way 0:            ddeb, C} {Way 1:            de27, C} LRU: 0]  | 6f13c0 L  hit    --
[Set 0: {Way 0:            ddb9, C} {Way 1:       ffffcf831, D} LRU: 0] [Set 1: {Way 0:            ddeb, C} {Way 1:            de27, C} LRU: 0]  | 6f1f80 L miss clean
[Set 0: {Way 0:            de3f, C} {Way 1:       ffffcf831, D} LRU: 1] [Set 1: {Way 0:            ddeb, C} {Way 1:            de27, C} LRU: 0]  | 7fffe7c1880 S  hit    --
[Set 0: {Way 0:            de3f, C} {Way 1:       ffffcf831, D} LRU: 0] [Set 1: {Way 0:            ddeb, C} {Way 1:            de27, C} LRU: 0]  | 6eff80 L miss clean
[Set 0: {Way 0:            ddff, C} {Way 1:       ffffcf831, D} LRU: 1] [Set 1: {Way 0:            ddeb, C} {Way 1:            de27, C} LRU: 0]  | 7fffe7c1840 S miss clean
[Set 0: {Way 0:            ddff, C} {Way 1:       ffffcf831, D} LRU: 1] [Set 1: {Way 0:       ffffcf830, D} {Way 1:            de27, C} LRU: 1]  | 7fffe7c1840 L  hit    --
[Set 0: {Way 0:            ddff, C} {Way 1:       ffffcf831, D} LRU: 1] [Set 1: {Way 0:       ffffcf830, D} {Way 1:            de27, C} LRU: 1]  | 7fffe7c1880 L  hit    --
[Set 0: {Way 0:            ddff, C} {Way 1:       ffffcf831, D} LRU: 0] [Set 1: {Way 0:       ffffcf830, D} {Way 1:            de27, C} LRU: 1]  | 6ef5c0 L miss clean
[Set 0: {Way 0:            ddff, C} {Way 1:       ffffcf831, D} LRU: 0] [Set 1: {Way 0:       ffffcf830, D} {Way 1:            ddeb, C} LRU: 0]  | 6c5440 L miss dirty
[Set 0: {Way 0:            ddff, C} {Way 1:       ffffcf831, D} LRU: 0] [Set 1: {Way 0:            d8a8, C} {Way 1:            ddeb, C} LRU: 1]  | 91bbc0 L miss clean
[Set 0: {Way 0:            ddff, C} {Way 1:       ffffcf831, D} LRU: 0] [Set 1: {Way 0:            d8a8, C} {Way 1:           12377, C} LRU: 0]  | 6c5440 S  hit    --
[Set 0: {Way 0:            ddff, C} {Way 1:       ffffcf831, D} LRU: 0] [Set 1: {Way 0:            d8a8, D} {Way 1:           12377, C} LRU: 1]  | 6f1440 L miss clean
[Set 0: {Way 0:            ddff, C} {Way 1:       ffffcf831, D} LRU: 0] [Set 1: {Way 0:            d8a8, D} {Way 1:            de28, C} LRU: 0]  | 47d940 L miss dirty
[Set 0: {Way 0:            ddff, C} {Way 1:       ffffcf831, D} LRU: 0] [Set 1: {Way 0:            8fb2, C} {Way 1:            de28, C} LRU: 1]  | 6f1440 L  hit    --
[Set 0: {Way 0:            ddff, C} {Way 1:       ffffcf831, D} LRU: 0] [Set 1: {Way 0:            8fb2, C} {Way 1:            de28, C} LRU: 0]  | 6f1440 L  hit    --
[Set 0: {Way 0:            ddff, C} {Way 1:       ffffcf831, D} LRU: 0] [Set 1: {Way 0:            8fb2, C} {Way 1:            de28, C} LRU: 0]  | 7fffe7c1840 S miss clean
[Set 0: {Way 0:            ddff, C} {Way 1:       ffffcf831, D} LRU: 0] [Set 1: {Way 0:       ffffcf830, D} {Way 1:            de28, C} LRU: 1]  | 7fffe7c1840 S  hit    --
[Set 0: {Way 0:            ddff, C} {Way 1:       ffffcf831, D} LRU: 0] [Set 1: {Way 0:       ffffcf830, D} {Way 1:            de28, C} LRU: 1]  | 7fffe7c1840 S  hit    --
[Set 0: {Way 0:            ddff, C} {Way 1:       ffffcf831, D} LRU: 0] [Set 1: {Way 0:       ffffcf830, D} {Way 1:            de28, C} LRU: 1]  | 6c5440 L miss clean
[Set 0: {Way 0:            ddff, C} {Way 1:       ffffcf831, D} LRU: 0] [Set 1: {Way 0:       ffffcf830, D} {Way 1:            d8a8, C} LRU: 0]  | 6f1440 L miss dirty
[Set 0: {Way 0:            ddff, C} {Way 1:       ffffcf831, D} LRU: 0] [Set 1: {Way 0:            de28, C} {Way 1:            d8a8, C} LRU: 1]  | 6c5440 L  hit    --
[Set 0: {Way 0:            ddff, C} {Way 1:       ffffcf831, D} LRU: 0] [Set 1: {Way 0:            de28, C} {Way 1:            d8a8, C} LRU: 0]  | 6c5440 L  hit    --
[Set 0: {Way 0:            ddff, C} {Way 1:       ffffcf831, D} LRU: 0] [Set 1: {Way 0:            de28, C} {Way 1:            d8a8, C} LRU: 0]  | 7071c0 L miss clean
[Set 0: {Way 0:            ddff, C} {Way 1:       ffffcf831, D} LRU: 0] [Set 1: {Way 0:            e0e3, C} {Way 1:            d8a8, C} LRU: 1]  | 6f1440 L miss clean
[Set 0: {Way 0:            ddff, C} {Way 1:       ffffcf831, D} LRU: 0] [Set 1: {Way 0:            e0e3, C} {Way 1:            de28, C} LRU: 0]  | 6f1440 L  hit    --
[Set 0: {Way 0:            ddff, C} {Way 1:       ffffcf831, D} LRU: 0] [Set 1: {Way 0:            e0e3, C} {Way 1:            de28, C} LRU: 0]  | 6f1440 L  hit    --
[Set 0: {Way 0:            ddff, C} {Way 1:       ffffcf831, D} LRU: 0] [Set 1: {Way 0:            e0e3, C} {Way 1:            de28, C} LRU: 0]  | 6f1440 L  hit    --
[Set 0: {Way 0:            ddff, C} {Way 1:       ffffcf831, D} LRU: 0] [Set 1: {Way 0:            e0e3, C} {Way 1:            de28, C} LRU: 0]  | 6c5440 S miss clean
[Set 0: {Way 0:            ddff, C} {Way 1:       ffffcf831, D} LRU: 0] [Set 1: {Way 0:            d8a8, D} {Way 1:            de28, C} LRU: 1]  | 7fffe7c1840 L miss clean
[Set 0: {Way 0:            ddff, C} {Way 1:       ffffcf831, D} LRU: 0] [Set 1: {Way 0:            d8a8, D} {Way 1:       ffffcf830, C} LRU: 0]  | 7fffe7c1840 L  hit    --
[Set 0: {Way 0:            ddff, C} {Way 1:       ffffcf831, D} LRU: 0] [Set 1: {Way 0:            d8a8, D} {Way 1:       ffffcf830, C} LRU: 0]  | 7fffe7c1840 L  hit    --
[Set 0: {Way 0:            ddff, C} {Way 1:       ffffcf831, D} LRU: 0] [Set 1: {Way 0:            d8a8, D} {Way 1:       ffffcf830, C} LRU: 0]  | 6f1440 L miss dirty
[Set 0: {Way 0:            ddff, C} {Way 1:       ffffcf831, D} LRU: 0] [Set 1: {Way 0:            de28, C} {Way 1:       ffffcf830, C} LRU: 1]  | 7fffe7c1840 S  hit    --
[Set 0: {Way 0:            ddff, C} {Way 1:       ffffcf831, D} LRU: 0] [Set 1: {Way 0:            de28, C} {Way 1:       ffffcf830, D} LRU: 0]  | 7fffe7c1840 S  hit    --
[Set 0: {Way 0:            ddff, C} {Way 1:       ffffcf831, D} LRU: 0] [Set 1: {Way 0:            de28, C} {Way 1:       ffffcf830, D} LRU: 0]  | 7fffe7c1840 S  hit    --
[Set 0: {Way 0:            ddff, C} {Way 1:       ffffcf831, D} LRU: 0] [Set 1: {Way 0:            de28, C} {Way 1:       ffffcf830, D} LRU: 0]  | 6c5440 L miss clean
[Set 0: {Way 0:            ddff, C} {Way 1:       ffffcf831, D} LRU: 0] [Set 1: {Way 0:            d8a8, C} {Way 1:       ffffcf830, D} LRU: 1]  | 6f1440 L miss dirty
[Set 0: {Way 0:            ddff, C} {Way 1:       ffffcf831, D} LRU: 0] [Set 1: {Way 0:            d8a8, C} {Way 1:            de28, C} LRU: 0]  | 6c5440 L  hit    --
[Set 0: {Way 0:            ddff, C} {Way 1:       ffffcf831, D} LRU: 0] [Set 1: {Way 0:            d8a8, C} {Way 1:            de28, C} LRU: 1]  | 6c5440 L  hit    --
[Set 0: {Way 0:            ddff, C} {Way 1:       ffffcf831, D} LRU: 0] [Set 1: {Way 0:            d8a8, C} {Way 1:            de28, C} LRU: 1]  | 7071c0 L miss clean
[Set 0: {Way 0:            ddff, C} {Way 1:       ffffcf831, D} LRU: 0] [Set 1: {Way 0:            d8a8, C} {Way 1:            e0e3, C} LRU: 0]  | 6f1440 L miss clean
[Set 0: {Way 0:            ddff, C} {Way 1:       ffffcf831, D} LRU: 0] [Set 1: {Way 0:            de28, C} {Way 1:            e0e3, C} LRU: 1]  | 6f1440 L  hit    --
[Set 0: {Way 0:            ddff, C} {Way 1:       ffffcf831, D} LRU: 0] [Set 1: {Way 0:            de28, C} {Way 1:            e0e3, C} LRU: 1]  | 6f1440 L  hit    --
[Set 0: {Way 0:            ddff, C} {Way 1:       ffffcf831, D} LRU: 0] [Set 1: {Way 0:            de28, C} {Way 1:            e0e3, C} LRU: 1]  | 6c5440 S miss clean
[Set 0: {Way 0:            ddff, C} {Way 1:       ffffcf831, D} LRU: 0] [Set 1: {Way 0:            de28, C} {Way 1:            d8a8, D} LRU: 0]  | 7fffe7c1840 L miss clean
[Set 0: {Way 0:            ddff, C} {Way 1:       ffffcf831, D} LRU: 0] [Set 1: {Way 0:       ffffcf830, C} {Way 1:            d8a8, D} LRU: 1]  | 7fffe7c1840 L  hit    --
[Set 0: {Way 0:            ddff, C} {Way 1:       ffffcf831, D} LRU: 0] [Set 1: {Way 0:       ffffcf830, C} {Way 1:            d8a8, D} LRU: 1]  | 7fffe7c1840 L  hit    --
[Set 0: {Way 0:            ddff, C} {Way 1:       ffffcf831, D} LRU: 0] [Set 1: {Way 0:       ffffcf830, C} {Way 1:            d8a8, D} LRU: 1]  | 6f1480 L miss clean
[Set 0: {Way 0:            de29, C} {Way 1:       ffffcf831, D} LRU: 1] [Set 1: {Way 0:       ffffcf830, C} {Way 1:            d8a8, D} LRU: 1]  | 7fffe7c1840 S  hit    --
[Set 0: {Way 0:            de29, C} {Way 1:       ffffcf831, D} LRU: 1] [Set 1: {Way 0:       ffffcf830, D} {Way 1:            d8a8, D} LRU: 1]  | 7fffe7c1840 S  hit    --
[Set 0: {Way 0:            de29, C} {Way 1:       ffffcf831, D} LRU: 1] [Set 1: {Way 0:       ffffcf830, D} {Way 1:            d8a8, D} LRU: 1]  | 7fffe7c1840 S  hit    --
[Set 0: {Way 0:            de29, C} {Way 1:       ffffcf831, D} LRU: 1] [Set 1: {Way 0:       ffffcf830, D} {Way 1:            d8a8, D} LRU: 1]  | 6c5440 L  hit    --
[Set 0: {Way 0:            de29, C} {Way 1:       ffffcf831, D} LRU: 1] [Set 1: {Way 0:       ffffcf830, D} {Way 1:            d8a8, D} LRU: 0]  | 6f1440 L miss dirty
[Set 0: {Way 0:            de29, C} {Way 1:       ffffcf831, D} LRU: 1] [Set 1: {Way 0:            de28, C} {Way 1:            d8a8, D} LRU: 1]  | 6c5440 L  hit    --
[Set 0: {Way 0:            de29, C} {Way 1:       ffffcf831, D} LRU: 1] [Set 1: {Way 0:            de28, C} {Way 1:            d8a8, D} LRU: 0]  | 6c5440 L  hit    --
[Set 0: {Way 0:            de29, C} {Way 1:       ffffcf831, D} LRU: 1] [Set 1: {Way 0:            de28, C} {Way 1:            d8a8, D} LRU: 0]  | 7071c0 L miss clean
[Set 0: {Way 0:            de29, C} {Way 1:       ffffcf831, D} LRU: 1] [Set 1: {Way 0:            e0e3, C} {Way 1:            d8a8, D} LRU: 1]  | 6f1480 L  hit    --
[Set 0: {Way 0:            de29, C} {Way 1:       ffffcf831, D} LRU: 1] [Set 1: {Way 0:            e0e3, C} {Way 1:            d8a8, D} LRU: 1]  | 6c5440 S  hit    --
[Set 0: {Way 0:            de29, C} {Way 1:       ffffcf831, D} LRU: 1] [Set 1: {Way 0:            e0e3, C} {Way 1:            d8a8, D} LRU: 0]  | 6ef5c0 L miss clean
[Set 0: {Way 0:            de29, C} {Way 1:       ffffcf831, D} LRU: 1] [Set 1: {Way 0:            ddeb, C} {Way 1:            d8a8, D} LRU: 1]  | 6c5440 S  hit    --
[Set 0: {Way 0:            de29, C} {Way 1:       ffffcf831, D} LRU: 1] [Set 1: {Way 0:            ddeb, C} {Way 1:            d8a8, D} LRU: 0]  | 6c5440 L  hit    --
[Set 0: {Way 0:            de29, C} {Way 1:       ffffcf831, D} LRU: 1] [Set 1: {Way 0:            ddeb, C} {Way 1:            d8a8, D} LRU: 0]  | 6c5440 L  hit    --
[Set 0: {Way 0:            de29, C} {Way 1:       ffffcf831, D} LRU: 1] [Set 1: {Way 0:            ddeb, C} {Way 1:            d8a8, D} LRU: 0]  | 7fffe7c28c0 S miss clean
[Set 0: {Way 0:            de29, C} {Way 1:       ffffcf831, D} LRU: 1] [Set 1: {Way 0:       ffffcf851, D} {Way 1:            d8a8, D} LRU: 1]  | 6c5440 L  hit    --
[Set 0: {Way 0:            de29, C} {Way 1:       ffffcf831, D} LRU: 1] [Set 1: {Way 0:       ffffcf851, D} {Way 1:            d8a8, D} LRU: 0]  | 6c5440 L  hit    --
[Set 0: {Way 0:            de29, C} {Way 1:       ffffcf831, D} LRU: 1] [Set 1: {Way 0:       ffffcf851, D} {Way 1:            d8a8, D} LRU: 0]  | 7fffe7c28c0 S  hit    --
[Set 0: {Way 0:            de29, C} {Way 1:       ffffcf831, D} LRU: 1] [Set 1: {Way 0:       ffffcf851, D} {Way 1:            d8a8, D} LRU: 1]  | 6c5440 L  hit    --
[Set 0: {Way 0:            de29, C} {Way 1:       ffffcf831, D} LRU: 1] [Set 1: {Way 0:       ffffcf851, D} {Way 1:            d8a8, D} LRU: 0]  | 6c5440 L  hit    --
[Set 0: {Way 0:            de29, C} {Way 1:       ffffcf831, D} LRU: 1] [Set 1: {Way 0:       ffffcf851, D} {Way 1:            d8a8, D} LRU: 0]  | 7fffe7c28c0 S  hit    --
[Set 0: {Way 0:            de29, C} {Way 1:       ffffcf831, D} LRU: 1] [Set 1: {Way 0:       ffffcf851, D} {Way 1:            d8a8, D} LRU: 1]  | 6c5440 L  hit    --
[Set 0: {Way 0:            de29, C} {Way 1:       ffffcf831, D} LRU: 1] [Set 1: {Way 0:       ffffcf851, D} {Way 1:            d8a8, D} LRU: 0]  | 6c5440 L  hit    --
[Set 0: {Way 0:            de29, C} {Way 1:       ffffcf831, D} LRU: 1] [Set 1: {Way 0:       ffffcf851, D} {Way 1:            d8a8, D} LRU: 0]  | 7fffe7c28c0 S  hit    --
[Set 0: {Way 0:            de29, C} {Way 1:       ffffcf831, D} LRU: 1] [Set 1: {Way 0:       ffffcf851, D} {Way 1:            d8a8, D} LRU: 1]  | 6c5440 L  hit    --
[Set 0: {Way 0:            de29, C} {Way 1:       ffffcf831, D} LRU: 1] [Set 1: {Way 0:       ffffcf851, D} {Way 1:            d8a8, D} LRU: 0]  | 6c5440 L  hit    --
[Set 0: {Way 0:            de29, C} {Way 1:       ffffcf831, D} LRU: 1] [Set 1: {Way 0:       ffffcf851, D} {Way 1:            d8a8, D} LRU: 0]  | 7fffe7c28c0 S  hit    --
[Set 0: {Way 0:            de29, C} {Way 1:       ffffcf831, D} LRU: 1] [Set 1: {Way 0:       ffffcf851, D} {Way 1:            d8a8, D} LRU: 1]  | 6c5440 L  hit    --
[Set 0: {Way 0:            de29, C} {Way 1:       ffffcf831, D} LRU: 1] [Set 1: {Way 0:       ffffcf851, D} {Way 1:            d8a8, D} LRU: 0]  | 6c5440 L  hit    --
[Set 0: {Way 0:            de29, C} {Way 1:       ffffcf831, D} LRU: 1] [Set 1: {Way 0:       ffffcf851, D} {Way 1:            d8a8, D} LRU: 0]  | 7fffe7c28c0 S  hit    --
[Set 0: {Way 0:            de29, C} {Way 1:       ffffcf831, D} LRU: 1] [Set 1: {Way 0:       ffffcf851, D} {Way 1:            d8a8, D} LRU: 1]  | 6c5440 L  hit    --
[Set 0: {Way 0:            de29, C} {Way 1:       ffffcf831, D} LRU: 1] [Set 1: {Way 0:       ffffcf851, D} {Way 1:            d8a8, D} LRU: 0]  | 6c5440 S  hit    --
[Set 0: {Way 0:            de29, C} {Way 1:       ffffcf831, D} LRU: 1] [Set 1: {Way 0:       ffffcf851, D} {Way 1:            d8a8, D} LRU: 0]  | 7fffe7c1840 L miss dirty
[Set 0: {Way 0:            de29, C} {Way 1:       ffffcf831, D} LRU: 1] [Set 1: {Way 0:       ffffcf830, C} {Way 1:            d8a8, D} LRU: 1]  | 7fffe7c1840 L  hit    --
[Set 0: {Way 0:            de29, C} {Way 1:       ffffcf831, D} LRU: 1] [Set 1: {Way 0:       ffffcf830, C} {Way 1:            d8a8, D} LRU: 1]  | 7fffe7c1840 L  hit    --
[Set 0: {Way 0:            de29, C} {Way 1:       ffffcf831, D} LRU: 1] [Set 1: {Way 0:       ffffcf830, C} {Way 1:            d8a8, D} LRU: 1]  | 7fffe7c1880 L  hit    --
[Set 0: {Way 0:            de29, C} {Way 1:       ffffcf831, D} LRU: 0] [Set 1: {Way 0:       ffffcf830, C} {Way 1:            d8a8, D} LRU: 1]  | 6ef5c0 L miss dirty
[Set 0: {Way 0:            de29, C} {Way 1:       ffffcf831, D} LRU: 0] [Set 1: {Way 0:       ffffcf830, C} {Way 1:            ddeb, C} LRU: 0]  | 6c5440 L miss clean
[Set 0: {Way 0:            de29, C} {Way 1:       ffffcf831, D} LRU: 0] [Set 1: {Way 0:            d8a8, C} {Way 1:            ddeb, C} LRU: 1]  | 91bbc0 L miss clean
[Set 0: {Way 0:            de29, C} {Way 1:       ffffcf831, D} LRU: 0] [Set 1: {Way 0:            d8a8, C} {Way 1:           12377, C} LRU: 0]  | 6c5440 S  hit    --
[Set 0: {Way 0:            de29, C} {Way 1:       ffffcf831, D} LRU: 0] [Set 1: {Way 0:            d8a8, D} {Way 1:           12377, C} LRU: 1]  | 6f1440 L miss clean
