Processing trace...
1: 0 1 2 2, r49 -> p49 | J JMP_IMM
2: 7 8 12 12, r1 -> p1, r44 -> p50 [p44] | MOVSX LOAD
3: 7 12 13 13, r44 -> p50, r2 -> p51 [p2] | MOVSX SEXT_DWORD_TO_QWORD
4: 7 13 14 14, r7 -> p7, r2 -> p51, r6 -> p52 [p6] | LEA LEA
5: 7 14 15 15, r6 -> p52, r6 -> p53 [p52] | MOVSX SEXT_DWORD_TO_QWORD
6: 8 15 19 19, r6 -> p53, r6 -> p54 [p53] | MOV LOAD
7: 8 19 20 20, r6 -> p54, r44 -> p55 [p50], r49 -> p56 [p49] | CMP SUB_IMM
8: 8 20 21 21, r49 -> p56 | J JMP_IMM
9: 8 19 20 21, r6 -> p54, r44 -> p57 [p55], r49 -> p58 [p56] | CMP SUB_IMM
10: 12 20 21 21, r49 -> p58 | J JMP_IMM
11: 26 27 28 28, r2 -> p51, r8 -> p59 [p8] | MOV ADD
12: 26 28 29 29, r8 -> p59, r7 -> p7, r8 -> p60 [p59] | LEA LEA
13: 26 29 30 30, r8 -> p60, r8 -> p61 [p60] | MOVSX SEXT_DWORD_TO_QWORD
14: 26 30 31 31, r8 -> p61, r8 -> p62 [p61] | LEA LEA
15: 27 28 29 31, r2 -> p51, r2 -> p63 [p51], r49 -> p64 [p58] | SHL SHL_IMM
16: 27 28 29 31 | JMP JMP_IMM
17: 27 28 29 31, r6 -> p54, r44 -> p65 [p57], r49 -> p66 [p64] | CMP SUB_IMM
18: 27 29 30 32, r49 -> p66 | J JMP_IMM
19: 28 29 30 32, r6 -> p54, r44 -> p67 [p65], r49 -> p68 [p66] | CMP SUB_IMM
20: 29 30 31 32, r49 -> p68 | J JMP_IMM
21: 30 31 32 32, r6 -> p54, r44 -> p69 [p67], r49 -> p70 [p68] | CMP SUB_IMM
22: 31 32 33 33, r49 -> p70 | J JMP_IMM
23: 31 32 33 33, r1 -> p1, r1 -> p71 [p1], r49 -> p72 [p70] | ADD ADD_IMM
24: 31 32 33 33, r0 -> p0, r0 -> p73 [p0] | INC ADD_IMM
25: 31 33 34 34, r0 -> p73, r44 -> p74 [p69], r49 -> p75 [p72] | CMP SUB_IMM
26: 32 34 35 35, r49 -> p75 | J JMP_IMM
27: 40 41 45 45, r1 -> p71, r44 -> p76 [p74] | MOVSX LOAD
28: 40 45 46 46, r44 -> p76, r2 -> p77 [p63] | MOVSX SEXT_DWORD_TO_QWORD
29: 40 46 47 47, r7 -> p7, r2 -> p77, r6 -> p78 [p54] | LEA LEA
30: 40 47 48 48, r6 -> p78, r6 -> p79 [p78] | MOVSX SEXT_DWORD_TO_QWORD
31: 41 48 52 52, r6 -> p79, r6 -> p80 [p79] | MOV LOAD
32: 41 52 53 53, r6 -> p80, r44 -> p81 [p76], r49 -> p82 [p75] | CMP SUB_IMM
33: 41 53 54 54, r49 -> p82 | J JMP_IMM
34: 41 52 53 54, r6 -> p80, r44 -> p83 [p81], r49 -> p84 [p82] | CMP SUB_IMM
35: 45 53 54 54, r49 -> p84 | J JMP_IMM
36: 59 60 61 61, r2 -> p77, r8 -> p85 [p62] | MOV ADD
37: 59 61 62 62, r8 -> p85, r7 -> p7, r8 -> p86 [p85] | LEA LEA
38: 59 62 63 63, r8 -> p86, r8 -> p87 [p86] | MOVSX SEXT_DWORD_TO_QWORD
39: 59 63 64 64, r8 -> p87, r8 -> p88 [p87] | LEA LEA
40: 60 61 62 64, r2 -> p77, r2 -> p89 [p77], r49 -> p90 [p84] | SHL SHL_IMM
41: 60 61 62 64 | JMP JMP_IMM
42: 60 61 62 64, r6 -> p80, r44 -> p91 [p83], r49 -> p92 [p90] | CMP SUB_IMM
43: 60 62 63 65, r49 -> p92 | J JMP_IMM
44: 61 62 63 65, r6 -> p80, r44 -> p93 [p91], r49 -> p94 [p92] | CMP SUB_IMM
45: 62 63 64 65, r49 -> p94 | J JMP_IMM
46: 63 64 65 65, r6 -> p80, r44 -> p95 [p93], r49 -> p96 [p94] | CMP SUB_IMM
47: 64 65 66 66, r49 -> p96 | J JMP_IMM
48: 64 65 66 66, r1 -> p71, r1 -> p97 [p71], r49 -> p98 [p96] | ADD ADD_IMM
49: 64 65 66 66, r0 -> p73, r0 -> p99 [p73] | INC ADD_IMM
50: 64 66 67 67, r0 -> p99, r44 -> p100 [p95], r49 -> p101 [p98] | CMP SUB_IMM
51: 65 67 68 68, r49 -> p101 | J JMP_IMM
52: 73 74 78 78, r1 -> p97, r44 -> p102 [p100] | MOVSX LOAD
53: 73 78 79 79, r44 -> p102, r2 -> p103 [p89] | MOVSX SEXT_DWORD_TO_QWORD
54: 73 79 80 80, r7 -> p7, r2 -> p103, r6 -> p104 [p80] | LEA LEA
55: 73 80 81 81, r6 -> p104, r6 -> p105 [p104] | MOVSX SEXT_DWORD_TO_QWORD
56: 74 81 85 85, r6 -> p105, r6 -> p106 [p105] | MOV LOAD
57: 74 85 86 86, r6 -> p106, r44 -> p107 [p102], r49 -> p108 [p101] | CMP SUB_IMM
58: 74 86 87 87, r49 -> p108 | J JMP_IMM
59: 74 85 86 87, r6 -> p106, r44 -> p109 [p107], r49 -> p110 [p108] | CMP SUB_IMM
60: 78 86 87 87, r49 -> p110 | J JMP_IMM
61: 92 93 94 94, r2 -> p103, r8 -> p111 [p88] | MOV ADD
62: 92 94 95 95, r8 -> p111, r7 -> p7, r8 -> p112 [p111] | LEA LEA
63: 92 95 96 96, r8 -> p112, r8 -> p113 [p112] | MOVSX SEXT_DWORD_TO_QWORD
64: 92 96 97 97, r8 -> p113, r8 -> p114 [p113] | LEA LEA
65: 93 94 95 97, r2 -> p103, r2 -> p115 [p103], r49 -> p116 [p110] | SHL SHL_IMM
66: 93 94 95 97 | JMP JMP_IMM
67: 93 94 95 97, r6 -> p106, r44 -> p117 [p109], r49 -> p118 [p116] | CMP SUB_IMM
68: 93 95 96 98, r49 -> p118 | J JMP_IMM
69: 94 95 96 98, r6 -> p106, r44 -> p119 [p117], r49 -> p120 [p118] | CMP SUB_IMM
70: 95 96 97 98, r49 -> p120 | J JMP_IMM
71: 96 97 98 98, r6 -> p106, r44 -> p121 [p119], r49 -> p122 [p120] | CMP SUB_IMM
72: 97 98 99 99, r49 -> p122 | J JMP_IMM
73: 97 98 99 99, r1 -> p97, r1 -> p123 [p97], r49 -> p124 [p122] | ADD ADD_IMM
74: 97 98 99 99, r0 -> p99, r0 -> p125 [p99] | INC ADD_IMM
75: 97 99 100 100, r0 -> p125, r44 -> p126 [p121], r49 -> p127 [p124] | CMP SUB_IMM
76: 98 100 101 101, r49 -> p127 | J JMP_IMM
77: 98 99 100 101, r0 -> p44 [p125] | XOR ADD
78: 98 99 100 101, r1 -> p2 [p123] | MOV ADD_IMM
79: 98 99 100 101 | JMP JMP_IMM
80: 99 100 101 102, r0 -> p44, r44 -> p6 [p126], r49 -> p52 [p127] | CMP SUB_IMM
81: 99 101 102 102, r49 -> p52 | J JMP_IMM
82: 107 108 109 109, r7 -> p7, r2 -> p53 [p115] | MOV ADD
83: 107 108 112 112, r1 -> p2, r44 -> p50 [p6] | ADD LOAD
84: 107 112 113 113, r2 -> p53, r44 -> p50, r2 -> p49 [p53], r49 -> p55 [p52] | ADD ADD
85: 107 113 114 114, r2 -> p49, r2 -> p56 [p49] | MOVSX SEXT_DWORD_TO_QWORD
86: 108 114 118 118, r2 -> p56, r45 -> p8 [p45] | CMP LOAD
87: 108 118 119 119, r45 -> p8, r44 -> p59 [p50], r49 -> p60 [p55] | CMP SUB_IMM
88: 108 119 120 120, r49 -> p60 | J JMP_IMM
89: 108 109 110 120, r1 -> p2, r1 -> p61 [p2], r49 -> p51 [p60] | ADD ADD_IMM
90: 109 110 111 120, r0 -> p44, r0 -> p58 [p44] | INC ADD_IMM
91: 112 113 114 120, r0 -> p58, r44 -> p57 [p59], r49 -> p64 [p51] | CMP SUB_IMM
92: 113 114 115 121, r49 -> p64 | J JMP_IMM
93: 120 121 122 122, r7 -> p7, r2 -> p65 [p56] | MOV ADD
94: 120 121 125 125, r1 -> p61, r44 -> p66 [p57] | ADD LOAD
95: 120 125 126 126, r2 -> p65, r44 -> p66, r2 -> p67 [p65], r49 -> p68 [p64] | ADD ADD
96: 120 126 127 127, r2 -> p67, r2 -> p1 [p67] | MOVSX SEXT_DWORD_TO_QWORD
97: 121 127 131 131, r2 -> p1, r45 -> p70 [p8] | CMP LOAD
98: 121 131 132 132, r45 -> p70, r44 -> p0 [p66], r49 -> p69 [p68] | CMP SUB_IMM
99: 121 132 133 133, r49 -> p69 | J JMP_IMM
100: 121 122 123 133, r1 -> p61, r1 -> p72 [p61], r49 -> p74 [p69] | ADD ADD_IMM
101: 122 123 124 133, r0 -> p58, r0 -> p63 [p58] | INC ADD_IMM
102: 125 126 127 133, r0 -> p63, r44 -> p54 [p0], r49 -> p78 [p74] | CMP SUB_IMM
103: 126 127 128 134, r49 -> p78 | J JMP_IMM
104: 133 134 135 135, r7 -> p7, r2 -> p79 [p1] | MOV ADD
105: 133 134 138 138, r1 -> p72, r44 -> p76 [p54] | ADD LOAD
106: 133 138 139 139, r2 -> p79, r44 -> p76, r2 -> p75 [p79], r49 -> p81 [p78] | ADD ADD
107: 133 139 140 140, r2 -> p75, r2 -> p82 [p75] | MOVSX SEXT_DWORD_TO_QWORD
108: 134 140 144 144, r2 -> p82, r45 -> p62 [p70] | CMP LOAD
109: 134 144 145 145, r45 -> p62, r44 -> p85 [p76], r49 -> p86 [p81] | CMP SUB_IMM
110: 134 145 146 146, r49 -> p86 | J JMP_IMM
111: 134 135 136 146, r1 -> p72, r1 -> p87 [p72], r49 -> p77 [p86] | ADD ADD_IMM
112: 135 136 137 146, r0 -> p63, r0 -> p84 [p63] | INC ADD_IMM
113: 138 139 140 146, r0 -> p84, r44 -> p83 [p85], r49 -> p90 [p77] | CMP SUB_IMM
114: 139 140 141 147, r49 -> p90 | J JMP_IMM
115: 146 147 148 148, r7 -> p7, r2 -> p91 [p82] | MOV ADD
116: 146 147 151 151, r1 -> p87, r44 -> p92 [p83] | ADD LOAD
117: 146 151 152 152, r2 -> p91, r44 -> p92, r2 -> p93 [p91], r49 -> p94 [p90] | ADD ADD
118: 146 152 153 153, r2 -> p93, r2 -> p71 [p93] | MOVSX SEXT_DWORD_TO_QWORD
119: 147 153 157 157, r2 -> p71, r45 -> p96 [p62] | CMP LOAD
120: 147 157 158 158, r45 -> p96, r44 -> p73 [p92], r49 -> p95 [p94] | CMP SUB_IMM
121: 147 158 159 159, r49 -> p95 | J JMP_IMM
122: 147 148 149 159, r1 -> p87, r1 -> p98 [p87], r49 -> p100 [p95] | ADD ADD_IMM
123: 148 149 150 159, r0 -> p84, r0 -> p89 [p84] | INC ADD_IMM
124: 151 152 153 159, r0 -> p89, r44 -> p80 [p73], r49 -> p104 [p100] | CMP SUB_IMM
125: 152 153 154 160, r49 -> p104 | J JMP_IMM
126: 159 160 161 161, r7 -> p7, r2 -> p105 [p71] | MOV ADD
127: 159 160 164 164, r1 -> p98, r44 -> p102 [p80] | ADD LOAD
128: 159 164 165 165, r2 -> p105, r44 -> p102, r2 -> p101 [p105], r49 -> p107 [p104] | ADD ADD
129: 159 165 166 166, r2 -> p101, r2 -> p108 [p101] | MOVSX SEXT_DWORD_TO_QWORD
130: 160 166 170 170, r2 -> p108, r45 -> p88 [p96] | CMP LOAD
131: 160 170 171 171, r45 -> p88, r44 -> p111 [p102], r49 -> p112 [p107] | CMP SUB_IMM
132: 160 171 172 172, r49 -> p112 | J JMP_IMM
133: 160 161 162 172, r1 -> p98, r1 -> p113 [p98], r49 -> p103 [p112] | ADD ADD_IMM
134: 161 162 163 172, r0 -> p89, r0 -> p110 [p89] | INC ADD_IMM
135: 164 165 166 172, r0 -> p110, r44 -> p109 [p111], r49 -> p116 [p103] | CMP SUB_IMM
136: 165 166 167 173, r49 -> p116 | J JMP_IMM
137: 172 173 174 174, r7 -> p7, r2 -> p117 [p108] | MOV ADD
138: 172 173 177 177, r1 -> p113, r44 -> p118 [p109] | ADD LOAD
139: 172 177 178 178, r2 -> p117, r44 -> p118, r2 -> p119 [p117], r49 -> p120 [p116] | ADD ADD
140: 172 178 179 179, r2 -> p119, r2 -> p97 [p119] | MOVSX SEXT_DWORD_TO_QWORD
141: 173 179 183 183, r2 -> p97, r45 -> p122 [p88] | CMP LOAD
142: 173 183 184 184, r45 -> p122, r44 -> p99 [p118], r49 -> p121 [p120] | CMP SUB_IMM
143: 173 184 185 185, r49 -> p121 | J JMP_IMM
144: 173 174 175 185, r1 -> p113, r1 -> p124 [p113], r49 -> p125 [p121] | ADD ADD_IMM
145: 174 175 176 185, r0 -> p110, r0 -> p123 [p110] | INC ADD_IMM
146: 177 178 179 185, r0 -> p123, r44 -> p126 [p99], r49 -> p127 [p125] | CMP SUB_IMM
147: 178 179 180 186, r49 -> p127 | J JMP_IMM
148: 185 186 187 187, r7 -> p7, r2 -> p115 [p97] | MOV ADD
149: 185 186 190 190, r1 -> p124, r44 -> p6 [p126] | ADD LOAD
150: 185 190 191 191, r2 -> p115, r44 -> p6, r2 -> p53 [p115], r49 -> p52 [p127] | ADD ADD
151: 185 191 192 192, r2 -> p53, r2 -> p49 [p53] | MOVSX SEXT_DWORD_TO_QWORD
152: 186 192 196 196, r2 -> p49, r45 -> p45 [p122] | CMP LOAD
153: 186 196 197 197, r45 -> p45, r44 -> p50 [p6], r49 -> p55 [p52] | CMP SUB_IMM
154: 186 197 198 198, r49 -> p55 | J JMP_IMM
155: 186 187 188 198, r1 -> p124, r1 -> p2 [p124], r49 -> p60 [p55] | ADD ADD_IMM
156: 187 188 189 198, r0 -> p123, r0 -> p44 [p123] | INC ADD_IMM
157: 190 191 192 198, r0 -> p44, r44 -> p59 [p50], r49 -> p51 [p60] | CMP SUB_IMM
158: 191 192 193 199, r49 -> p51 | J JMP_IMM
159: 198 199 200 200, r7 -> p7, r2 -> p56 [p49] | MOV ADD
160: 198 199 203 203, r1 -> p2, r44 -> p57 [p59] | ADD LOAD
161: 198 203 204 204, r2 -> p56, r44 -> p57, r2 -> p65 [p56], r49 -> p64 [p51] | ADD ADD
162: 198 204 205 205, r2 -> p65, r2 -> p67 [p65] | MOVSX SEXT_DWORD_TO_QWORD
163: 199 205 209 209, r2 -> p67, r45 -> p8 [p45] | CMP LOAD
164: 199 209 210 210, r45 -> p8, r44 -> p66 [p57], r49 -> p68 [p64] | CMP SUB_IMM
165: 199 210 211 211, r49 -> p68 | J JMP_IMM
166: 199 200 201 211, r1 -> p2, r1 -> p61 [p2], r49 -> p69 [p68] | ADD ADD_IMM
167: 200 201 202 211, r0 -> p44, r0 -> p58 [p44] | INC ADD_IMM
168: 203 204 205 211, r0 -> p58, r44 -> p0 [p66], r49 -> p74 [p69] | CMP SUB_IMM
169: 204 205 206 212, r49 -> p74 | J JMP_IMM
170: 205 206 207 212, r0 -> p1 [p58] | XOR ADD
171: 209 210 211 212, r1 -> p54 [p61] | MOV ADD_IMM
172: 210 211 212 212 | JMP JMP_IMM
173: 211 212 213 213, r0 -> p1, r44 -> p79 [p0], r49 -> p78 [p74] | CMP SUB_IMM
174: 211 213 214 214, r49 -> p78 | J JMP_IMM
175: 219 220 224 224, r1 -> p54, r44 -> p75 [p79] | MOVSX LOAD
176: 219 224 225 225, r44 -> p75, r2 -> p70 [p67] | MOVSX SEXT_DWORD_TO_QWORD
177: 219 225 226 226, r7 -> p7, r2 -> p70, r6 -> p76 [p106] | LEA LEA
178: 219 226 227 227, r6 -> p76, r6 -> p81 [p76] | MOVSX SEXT_DWORD_TO_QWORD
179: 220 227 231 231, r6 -> p81, r6 -> p72 [p81] | MOV LOAD
180: 220 231 232 232, r6 -> p72, r44 -> p86 [p75], r49 -> p63 [p78] | CMP SUB_IMM
181: 220 232 233 233, r49 -> p63 | J JMP_IMM
182: 220 225 226 233, r2 -> p70, r8 -> p85 [p114] | MOV ADD
183: 224 226 227 233, r8 -> p85, r7 -> p7, r8 -> p77 [p85] | LEA LEA
184: 225 227 228 233, r8 -> p77, r8 -> p82 [p77] | MOVSX SEXT_DWORD_TO_QWORD
185: 226 228 229 234, r8 -> p82, r8 -> p83 [p82] | LEA LEA
186: 227 228 229 234, r2 -> p70, r2 -> p91 [p70], r49 -> p90 [p63] | SHL SHL_IMM
187: 231 232 233 234 | JMP JMP_IMM
188: 232 233 234 234, r6 -> p72, r44 -> p93 [p86], r49 -> p62 [p90] | CMP SUB_IMM
189: 233 234 235 235, r49 -> p62 | J JMP_IMM
190: 233 234 235 235, r6 -> p72, r44 -> p92 [p93], r49 -> p94 [p62] | CMP SUB_IMM
191: 233 235 236 236, r49 -> p94 | J JMP_IMM
192: 233 234 235 236, r6 -> p72, r44 -> p87 [p92], r49 -> p95 [p94] | CMP SUB_IMM
193: 234 235 236 236, r49 -> p95 | J JMP_IMM
194: 234 235 236 236, r1 -> p54, r1 -> p84 [p54], r49 -> p73 [p95] | ADD ADD_IMM
195: 234 235 236 237, r0 -> p1, r0 -> p100 [p1] | INC ADD_IMM
196: 234 236 237 237, r0 -> p100, r44 -> p71 [p87], r49 -> p80 [p73] | CMP SUB_IMM
197: 235 237 238 238, r49 -> p80 | J JMP_IMM
198: 243 244 248 248, r1 -> p84, r44 -> p105 [p71] | MOVSX LOAD
199: 243 248 249 249, r44 -> p105, r2 -> p104 [p91] | MOVSX SEXT_DWORD_TO_QWORD
200: 243 249 250 250, r7 -> p7, r2 -> p104, r6 -> p101 [p72] | LEA LEA
201: 243 250 251 251, r6 -> p101, r6 -> p96 [p101] | MOVSX SEXT_DWORD_TO_QWORD
202: 244 251 255 255, r6 -> p96, r6 -> p102 [p96] | MOV LOAD
203: 244 255 256 256, r6 -> p102, r44 -> p107 [p105], r49 -> p98 [p80] | CMP SUB_IMM
204: 244 256 257 257, r49 -> p98 | J JMP_IMM
205: 244 249 250 257, r2 -> p104, r8 -> p112 [p83] | MOV ADD
206: 248 250 251 257, r8 -> p112, r7 -> p7, r8 -> p89 [p112] | LEA LEA
207: 249 251 252 257, r8 -> p89, r8 -> p111 [p89] | MOVSX SEXT_DWORD_TO_QWORD
208: 250 252 253 258, r8 -> p111, r8 -> p103 [p111] | LEA LEA
209: 251 252 253 258, r2 -> p104, r2 -> p108 [p104], r49 -> p109 [p98] | SHL SHL_IMM
210: 255 256 257 258 | JMP JMP_IMM
211: 256 257 258 258, r6 -> p102, r44 -> p117 [p107], r49 -> p116 [p109] | CMP SUB_IMM
212: 257 258 259 259, r49 -> p116 | J JMP_IMM
213: 257 258 259 259, r6 -> p102, r44 -> p119 [p117], r49 -> p88 [p116] | CMP SUB_IMM
214: 257 259 260 260, r49 -> p88 | J JMP_IMM
215: 257 258 259 260, r6 -> p102, r44 -> p118 [p119], r49 -> p120 [p88] | CMP SUB_IMM
216: 258 259 260 260, r49 -> p120 | J JMP_IMM
217: 265 266 270 270, r8 -> p103, r6 -> p113 [p102] | MOV LOAD
218: 265 266 267 270, r8 -> p103, r2 -> p108, r8 -> p121 [p103], r49 -> p110 [p120] | ADD ADD
219: 265 270 271 271, r6 -> p113, r44 -> p99 [p118], r49 -> p125 [p110] | CMP SUB_IMM
220: 265 271 272 272, r49 -> p125 | J JMP_IMM
221: 266 270 271 272, r6 -> p113, r44 -> p97 [p99], r49 -> p126 [p125] | CMP SUB_IMM
222: 266 271 272 272, r49 -> p126 | J JMP_IMM
223: 266 270 271 272, r6 -> p113, r44 -> p115 [p97], r49 -> p127 [p126] | CMP SUB_IMM
224: 266 271 272 273, r49 -> p127 | J JMP_IMM
225: 277 278 282 282, r8 -> p121, r6 -> p53 [p113] | MOV LOAD
226: 277 278 279 282, r8 -> p121, r2 -> p108, r8 -> p122 [p121], r49 -> p6 [p127] | ADD ADD
227: 277 282 283 283, r6 -> p53, r44 -> p52 [p115], r49 -> p124 [p6] | CMP SUB_IMM
228: 277 283 284 284, r49 -> p124 | J JMP_IMM
229: 278 282 283 284, r6 -> p53, r44 -> p55 [p52], r49 -> p123 [p124] | CMP SUB_IMM
230: 278 283 284 284, r49 -> p123 | J JMP_IMM
231: 278 282 283 284, r6 -> p53, r44 -> p50 [p55], r49 -> p60 [p123] | CMP SUB_IMM
232: 278 283 284 285, r49 -> p60 | J JMP_IMM
233: 282 283 284 285, r1 -> p84, r1 -> p49 [p84], r49 -> p59 [p60] | ADD ADD_IMM
234: 282 284 285 285, r0 -> p100, r0 -> p56 [p100] | INC ADD_IMM
235: 283 285 286 286, r0 -> p56, r44 -> p51 [p50], r49 -> p65 [p59] | CMP SUB_IMM
236: 284 286 287 287, r49 -> p65 | J JMP_IMM
237: 292 293 297 297, r1 -> p49, r44 -> p45 [p51] | MOVSX LOAD
238: 292 297 298 298, r44 -> p45, r2 -> p57 [p108] | MOVSX SEXT_DWORD_TO_QWORD
239: 292 298 299 299, r7 -> p7, r2 -> p57, r6 -> p64 [p53] | LEA LEA
240: 292 299 300 300, r6 -> p64, r6 -> p2 [p64] | MOVSX SEXT_DWORD_TO_QWORD
241: 293 300 304 304, r6 -> p2, r6 -> p68 [p2] | MOV LOAD
242: 293 304 305 305, r6 -> p68, r44 -> p44 [p45], r49 -> p66 [p65] | CMP SUB_IMM
243: 293 305 306 306, r49 -> p66 | J JMP_IMM
244: 293 298 299 306, r2 -> p57, r8 -> p69 [p122] | MOV ADD
245: 297 299 300 306, r8 -> p69, r7 -> p7, r8 -> p58 [p69] | LEA LEA
246: 298 300 301 306, r8 -> p58, r8 -> p61 [p58] | MOVSX SEXT_DWORD_TO_QWORD
247: 299 301 302 307, r8 -> p61, r8 -> p0 [p61] | LEA LEA
248: 300 301 302 307, r2 -> p57, r2 -> p74 [p57], r49 -> p79 [p66] | SHL SHL_IMM
249: 304 305 306 307 | JMP JMP_IMM
250: 305 306 307 307, r6 -> p68, r44 -> p67 [p44], r49 -> p106 [p79] | CMP SUB_IMM
251: 306 307 308 308, r49 -> p106 | J JMP_IMM
252: 306 307 308 308, r6 -> p68, r44 -> p76 [p67], r49 -> p81 [p106] | CMP SUB_IMM
253: 306 308 309 309, r49 -> p81 | J JMP_IMM
254: 306 307 308 309, r6 -> p68, r44 -> p75 [p76], r49 -> p78 [p81] | CMP SUB_IMM
255: 307 308 309 309, r49 -> p78 | J JMP_IMM
256: 314 315 319 319, r8 -> p0, r6 -> p114 [p68] | MOV LOAD
257: 314 315 316 319, r8 -> p0, r2 -> p74, r8 -> p85 [p0], r49 -> p77 [p78] | ADD ADD
258: 314 319 320 320, r6 -> p114, r44 -> p82 [p75], r49 -> p70 [p77] | CMP SUB_IMM
259: 314 320 321 321, r49 -> p70 | J JMP_IMM
260: 315 319 320 321, r6 -> p114, r44 -> p63 [p82], r49 -> p86 [p70] | CMP SUB_IMM
261: 315 320 321 321, r49 -> p86 | J JMP_IMM
262: 315 319 320 321, r6 -> p114, r44 -> p90 [p63], r49 -> p93 [p86] | CMP SUB_IMM
263: 315 320 321 322, r49 -> p93 | J JMP_IMM
264: 326 327 331 331, r8 -> p85, r6 -> p62 [p114] | MOV LOAD
265: 326 327 328 331, r8 -> p85, r2 -> p74, r8 -> p92 [p85], r49 -> p94 [p93] | ADD ADD
266: 326 331 332 332, r6 -> p62, r44 -> p54 [p90], r49 -> p95 [p94] | CMP SUB_IMM
267: 326 332 333 333, r49 -> p95 | J JMP_IMM
268: 327 331 332 333, r6 -> p62, r44 -> p1 [p54], r49 -> p87 [p95] | CMP SUB_IMM
269: 327 332 333 333, r49 -> p87 | J JMP_IMM
270: 327 331 332 333, r6 -> p62, r44 -> p73 [p1], r49 -> p71 [p87] | CMP SUB_IMM
271: 327 332 333 334, r49 -> p71 | J JMP_IMM
272: 331 332 333 334, r1 -> p49, r1 -> p91 [p49], r49 -> p72 [p71] | ADD ADD_IMM
273: 331 333 334 334, r0 -> p56, r0 -> p101 [p56] | INC ADD_IMM
274: 332 334 335 335, r0 -> p101, r44 -> p96 [p73], r49 -> p105 [p72] | CMP SUB_IMM
275: 333 335 336 336, r49 -> p105 | J JMP_IMM
276: 341 342 346 346, r1 -> p91, r44 -> p80 [p96] | MOVSX LOAD
277: 341 346 347 347, r44 -> p80, r2 -> p83 [p74] | MOVSX SEXT_DWORD_TO_QWORD
278: 341 347 348 348, r7 -> p7, r2 -> p83, r6 -> p112 [p62] | LEA LEA
279: 341 348 349 349, r6 -> p112, r6 -> p89 [p112] | MOVSX SEXT_DWORD_TO_QWORD
280: 342 349 353 353, r6 -> p89, r6 -> p111 [p89] | MOV LOAD
281: 342 353 354 354, r6 -> p111, r44 -> p104 [p80], r49 -> p98 [p105] | CMP SUB_IMM
282: 342 354 355 355, r49 -> p98 | J JMP_IMM
283: 342 347 348 355, r2 -> p83, r8 -> p107 [p92] | MOV ADD
284: 346 348 349 355, r8 -> p107, r7 -> p7, r8 -> p109 [p107] | LEA LEA
285: 347 349 350 355, r8 -> p109, r8 -> p117 [p109] | MOVSX SEXT_DWORD_TO_QWORD
286: 348 350 351 356, r8 -> p117, r8 -> p116 [p117] | LEA LEA
287: 349 350 351 356, r2 -> p83, r2 -> p119 [p83], r49 -> p88 [p98] | SHL SHL_IMM
288: 353 354 355 356 | JMP JMP_IMM
289: 354 355 356 356, r6 -> p111, r44 -> p102 [p104], r49 -> p103 [p88] | CMP SUB_IMM
290: 355 356 357 357, r49 -> p103 | J JMP_IMM
291: 355 356 357 357, r6 -> p111, r44 -> p120 [p102], r49 -> p118 [p103] | CMP SUB_IMM
292: 355 357 358 358, r49 -> p118 | J JMP_IMM
293: 355 356 357 358, r6 -> p111, r44 -> p110 [p120], r49 -> p99 [p118] | CMP SUB_IMM
294: 356 357 358 358, r49 -> p99 | J JMP_IMM
295: 363 364 368 368, r8 -> p116, r6 -> p125 [p111] | MOV LOAD
296: 363 364 365 368, r8 -> p116, r2 -> p119, r8 -> p97 [p116], r49 -> p126 [p99] | ADD ADD
297: 363 368 369 369, r6 -> p125, r44 -> p113 [p110], r49 -> p121 [p126] | CMP SUB_IMM
298: 363 369 370 370, r49 -> p121 | J JMP_IMM
299: 364 368 369 370, r6 -> p125, r44 -> p127 [p113], r49 -> p115 [p121] | CMP SUB_IMM
300: 364 369 370 370, r49 -> p115 | J JMP_IMM
301: 364 368 369 370, r6 -> p125, r44 -> p6 [p127], r49 -> p52 [p115] | CMP SUB_IMM
302: 364 369 370 371, r49 -> p52 | J JMP_IMM
303: 375 376 380 380, r8 -> p97, r6 -> p124 [p125] | MOV LOAD
304: 375 376 377 380, r8 -> p97, r2 -> p119, r8 -> p55 [p97], r49 -> p123 [p52] | ADD ADD
305: 375 380 381 381, r6 -> p124, r44 -> p84 [p6], r49 -> p60 [p123] | CMP SUB_IMM
306: 375 381 382 382, r49 -> p60 | J JMP_IMM
307: 376 380 381 382, r6 -> p124, r44 -> p100 [p84], r49 -> p50 [p60] | CMP SUB_IMM
308: 376 381 382 382, r49 -> p50 | J JMP_IMM
309: 376 380 381 382, r6 -> p124, r44 -> p59 [p100], r49 -> p51 [p50] | CMP SUB_IMM
310: 376 381 382 383, r49 -> p51 | J JMP_IMM
311: 387 388 392 392, r8 -> p55, r6 -> p108 [p124] | MOV LOAD
312: 387 388 389 392, r8 -> p55, r2 -> p119, r8 -> p53 [p55], r49 -> p64 [p51] | ADD ADD
313: 387 392 393 393, r6 -> p108, r44 -> p2 [p59], r49 -> p45 [p64] | CMP SUB_IMM
314: 387 393 394 394, r49 -> p45 | J JMP_IMM
315: 388 392 393 394, r6 -> p108, r44 -> p65 [p2], r49 -> p122 [p45] | CMP SUB_IMM
316: 388 393 394 394, r49 -> p122 | J JMP_IMM
317: 388 392 393 394, r6 -> p108, r44 -> p69 [p65], r49 -> p58 [p122] | CMP SUB_IMM
318: 388 393 394 395, r49 -> p58 | J JMP_IMM
319: 392 393 394 395, r1 -> p91, r1 -> p61 [p91], r49 -> p57 [p58] | ADD ADD_IMM
320: 392 394 395 395, r0 -> p101, r0 -> p66 [p101] | INC ADD_IMM
321: 393 395 396 396, r0 -> p66, r44 -> p44 [p69], r49 -> p79 [p57] | CMP SUB_IMM
322: 394 396 397 397, r49 -> p79 | J JMP_IMM
323: 394 395 396 397, r0 -> p67 [p66] | XOR ADD
324: 394 395 399 399, r4 -> p4, r44 -> p106 [p44] | RET LOAD
325: 394 395 396 399, r4 -> p4, r4 -> p76 [p4] | RET ADD_IMM
326: 395 399 400 400, r44 -> p106 | RET JMP_REG
327: 395 396 397 400, r0 -> p67, r0 -> p67, r44 -> p81 [p106], r49 -> p68 [p79] | TEST AND
328: 395 396 397 400, r0 -> p0 [p67] | SET ADD
329: 396 397 398 400, r49 -> p68, r0 -> p78 [p0] | SET ADD_IMM
330: 397 398 399 401, r0 -> p78, r0 -> p75 [p78] | MOVZX ZEXT_BYTE_TO_DWORD
331: 397 398 399 401, r4 -> p76, r4 -> p77 [p76], r49 -> p82 [p68] | ADD ADD_IMM
332: 399 400 404 404, r4 -> p77, r44 -> p70 [p81] | RET LOAD
333: 399 400 401 404, r4 -> p77, r4 -> p63 [p77] | RET ADD_IMM
334: 400 404 405 405, r44 -> p70 | RET JMP_REG
335: 400 401 402 405, r0 -> p75, r0 -> p75, r44 -> p86 [p70], r49 -> p114 [p82] | TEST AND
336: 400 402 403 405, r49 -> p114 | J JMP_IMM
337: 400 401 402 405, r4 -> p63, r0 -> p85 [p75] | LEA LEA
338: 401 402 403 406, r0 -> p85, r7 -> p93 [p7] | MOV ADD
339: 401 402 403 406, r13 -> p13, r6 -> p90 [p108] | MOV ADD
340: 404 405 406 406, r44 -> p94 [p86] | CALL SAVE_PC
341: 404 405 406 406, r4 -> p63, r4 -> p54 [p63] | CALL SUB_IMM
342: 405 406 407 407, r44 -> p94, r4 -> p54 | CALL STORE
343: 405 406 407 407 | CALL JMP_IMM
344: 405 406 407 407, r4 -> p54, r4 -> p95 [p54], r49 -> p1 [p114] | SUB SUB_IMM
345: 405 406 407 407, r45 -> p87 [p8] | CMP SAVE_PC
346: 406 407 411 411, r45 -> p87, r45 -> p49 [p87] | CMP LOAD
347: 406 411 412 412, r45 -> p49, r44 -> p71 [p94], r49 -> p56 [p1] | CMP SUB_IMM
348: 406 412 413 413, r49 -> p56 | J JMP_IMM
349: 418 419 420 420, r6 -> p90, r0 -> p73 [p85] | MOVSX SEXT_DWORD_TO_QWORD
350: 418 420 421 421, r0 -> p73, r0 -> p73, r1 -> p72 [p61] | LEA LEA
351: 418 421 425 425, r1 -> p72, r7 -> p93, r44 -> p96 [p71] | MOVSX LOAD
352: 418 425 426 426, r44 -> p96, r2 -> p74 [p119] | MOVSX SEXT_DWORD_TO_QWORD
353: 419 421 425 426, r1 -> p72, r7 -> p93, r44 -> p62 [p96] | MOVSX LOAD
354: 419 425 426 426, r44 -> p62, r1 -> p112 [p72] | MOVSX SEXT_DWORD_TO_QWORD
355: 419 426 430 430, r1 -> p112, r6 -> p89 [p90] | MOV LOAD
356: 419 420 421 430, r45 -> p80 [p49] | CMP SAVE_PC
357: 420 421 425 430, r45 -> p80, r45 -> p105 [p80] | CMP LOAD
358: 421 425 426 430, r45 -> p105, r44 -> p92 [p62], r49 -> p107 [p56] | CMP SUB_IMM
359: 425 426 427 431, r49 -> p107 | J JMP_IMM
360: 426 430 431 431, r6 -> p89, r6 -> p109 [p89], r49 -> p117 [p107] | ADD ADD_IMM
361: 426 431 432 432, r6 -> p109, r44 -> p83 [p92], r49 -> p98 [p117] | CMP SUB_IMM
362: 426 432 433 433, r49 -> p98 | J JMP_IMM
363: 430 431 435 435, r6 -> p109, r44 -> p104 [p83] | JMP LOAD
364: 430 435 436 436, r44 -> p104 | JMP JMP_REG
365: 430 431 432 436, r1 -> p112, r6 -> p88 [p109] | LEA LEA
366: 430 432 433 436, r6 -> p88, r0 -> p102 [p73] | MOVSX SEXT_DWORD_TO_QWORD
367: 431 433 437 437, r0 -> p102, r45 -> p103 [p105] | CMP LOAD
368: 431 437 438 438, r45 -> p103, r44 -> p120 [p104], r49 -> p118 [p98] | CMP SUB_IMM
369: 432 438 439 439, r49 -> p118 | J JMP_IMM
370: 444 445 446 446, r1 -> p112, r1 -> p111 [p112], r49 -> p116 [p118] | ADD ADD_IMM
371: 444 446 447 447, r1 -> p111, r0 -> p99 [p102] | MOVSX SEXT_DWORD_TO_QWORD
372: 444 447 451 451, r0 -> p99, r45 -> p110 [p103] | CMP LOAD
373: 444 451 452 452, r45 -> p110, r44 -> p126 [p120], r49 -> p113 [p116] | CMP SUB_IMM
374: 445 452 453 453, r49 -> p113 | J JMP_IMM
375: 445 446 447 453, r2 -> p74, r2 -> p74, r44 -> p121 [p126], r49 -> p127 [p113] | TEST AND
376: 445 447 448 453, r49 -> p127 | J JMP_IMM
377: 445 446 447 453, r44 -> p115 [p121] | MOVSX SAVE_PC
378: 446 447 451 454, r44 -> p115, r44 -> p125 [p115] | MOVSX LOAD
379: 447 451 452 454, r44 -> p125, r0 -> p97 [p99] | MOVSX SEXT_DWORD_TO_QWORD
380: 451 452 456 456, r0 -> p97, r6 -> p52 [p88] | MOV LOAD
381: 452 453 457 457, r2 -> p74, r45 -> p6 [p110] | CMP LOAD
382: 453 457 458 458, r45 -> p6, r6 -> p52, r44 -> p123 [p125], r49 -> p84 [p127] | CMP SUB
383: 453 458 459 459, r49 -> p84 | J JMP_IMM
384: 464 465 469 469, r0 -> p97, r6 -> p60 [p52] | MOV LOAD
385: 464 465 469 469, r2 -> p74, r45 -> p100 [p6] | CMP LOAD
386: 464 469 470 470, r45 -> p100, r6 -> p60, r44 -> p50 [p123], r49 -> p124 [p84] | CMP SUB
387: 464 470 471 471, r49 -> p124 | J JMP_IMM
388: 476 477 481 481, r0 -> p97, r6 -> p55 [p60] | MOV LOAD
389: 476 477 481 481, r2 -> p74, r45 -> p51 [p100] | CMP LOAD
390: 476 481 482 482, r45 -> p51, r6 -> p55, r44 -> p59 [p50], r49 -> p64 [p124] | CMP SUB
391: 476 482 483 483, r49 -> p64 | J JMP_IMM
392: 488 489 493 493, r0 -> p97, r6 -> p2 [p55] | MOV LOAD
393: 488 489 493 493, r2 -> p74, r45 -> p45 [p51] | CMP LOAD
394: 488 493 494 494, r45 -> p45, r6 -> p2, r44 -> p65 [p59], r49 -> p122 [p64] | CMP SUB
395: 488 494 495 495, r49 -> p122 | J JMP_IMM
396: 500 501 502 502, r0 -> p91 [p97] | XOR ADD
397: 500 501 502 502, r4 -> p95, r4 -> p58 [p95], r49 -> p101 [p122] | ADD ADD_IMM
398: 500 502 506 506, r4 -> p58, r44 -> p69 [p65] | RET LOAD
399: 500 502 503 506, r4 -> p58, r4 -> p57 [p58] | RET ADD_IMM
400: 501 506 507 507, r44 -> p69 | RET JMP_REG
401: 501 502 503 507, r5 -> p5, r44 -> p66 [p69] | MOV LEA
402: 501 503 504 507, r0 -> p91, r44 -> p66 | MOV STORE
403: 501 502 503 507, r0 -> p91, r0 -> p91, r44 -> p44 [p66], r49 -> p4 [p101] | TEST AND
404: 502 503 504 508, r49 -> p4 | J JMP_IMM
405: 509 510 511 511, r44 -> p106 [p44] | MOV SAVE_PC
406: 509 511 515 515, r44 -> p106, r14 -> p79 [p14] | MOV LOAD
407: 509 515 516 516, r14 -> p79, r14 -> p67 [p79], r49 -> p0 [p4] | ADD ADD_IMM
408: 509 516 517 517, r14 -> p67, r44 -> p78 [p106], r49 -> p76 [p0] | CMP SUB_IMM
409: 510 517 518 518, r49 -> p76 | J JMP_IMM
410: 510 511 515 518, r4 -> p57, r45 -> p68 [p45] | CMP LOAD
411: 510 515 516 518, r45 -> p68, r44 -> p81 [p78], r49 -> p77 [p76] | CMP SUB_IMM
412: 510 516 517 518, r49 -> p77 | J JMP_IMM
413: 511 512 513 519, r13 -> p13, r1 -> p70 [p111] | MOVSX SEXT_DWORD_TO_QWORD
414: 515 516 517 519, r1 -> p70, r1 -> p70, r1 -> p82 [p70] | LEA LEA
415: 516 517 521 521, r1 -> p82, r4 -> p57, r44 -> p75 [p81] | MOVSX LOAD
416: 517 521 522 522, r44 -> p75, r1 -> p7 [p82] | MOVSX SEXT_DWORD_TO_QWORD
417: 518 522 526 526, r1 -> p7, r14 -> p108 [p67] | MOV LOAD
418: 518 526 527 527, r14 -> p108, r44 -> p86 [p75], r49 -> p63 [p77] | CMP SUB_IMM
419: 518 527 528 528, r49 -> p63 | J JMP_IMM
420: 518 526 527 528, r14 -> p108, r44 -> p54 [p86], r49 -> p114 [p63] | CMP SUB_IMM
421: 519 527 528 528, r49 -> p114 | J JMP_IMM
422: 519 522 526 528, r1 -> p7, r1 -> p8 [p7] | MOV LOAD
423: 521 522 523 529 | JMP JMP_IMM
424: 522 526 527 529, r1 -> p8, r44 -> p87 [p54], r49 -> p94 [p114] | CMP SUB_IMM
425: 526 527 528 529, r49 -> p94 | J JMP_IMM
426: 533 534 535 535, r14 -> p1 [p108] | XOR ADD
427: 533 534 535 535 | JMP JMP_IMM
428: 533 534 535 535, r13 -> p13, r1 -> p85 [p8] | MOVSX SEXT_DWORD_TO_QWORD
429: 533 535 536 536, r1 -> p85, r1 -> p85, r2 -> p61 [p74] | LEA LEA
430: 534 536 540 540, r2 -> p61, r4 -> p57, r45 -> p71 [p68] | CMP LOAD
431: 534 540 541 541, r45 -> p71, r44 -> p119 [p87], r49 -> p96 [p94] | CMP SUB
432: 534 541 542 542, r49 -> p96 | J JMP_IMM
433: 547 548 549 549, r0 -> p91, r0 -> p91, r44 -> p72 [p119], r49 -> p90 [p96] | TEST AND
434: 547 548 549 549, r0 -> p49 [p91] | SET ADD
435: 547 549 550 550, r49 -> p90, r0 -> p80 [p49] | SET ADD_IMM
436: 547 548 552 552, r4 -> p57, r45 -> p62 [p71] | CMP LOAD
437: 548 552 553 553, r45 -> p62, r44 -> p56 [p72], r49 -> p89 [p90] | CMP SUB
438: 548 553 554 554, r49 -> p89 | J JMP_IMM
439: 559 560 564 564, r4 -> p57, r2 -> p107 [p61] | MOV LOAD
440: 559 564 565 565, r14 -> p1, r2 -> p107, r5 -> p92 [p5] | LEA LEA
441: 559 560 564 565, r4 -> p57, r45 -> p117 [p62] | TEST LOAD
442: 559 564 565 565, r45 -> p117, r44 -> p83 [p56], r49 -> p109 [p89] | TEST AND_IMM
443: 560 565 566 566, r49 -> p109 | J JMP_IMM
444: 560 561 562 566, r14 -> p73 [p1] | XOR ADD
445: 560 561 565 566, r4 -> p57, r7 -> p105 [p93] | MOV LOAD
446: 560 561 562 566, r12 -> p12, r6 -> p104 [p2] | MOV ADD
447: 564 565 566 567, r5 -> p92, r2 -> p98 [p107] | MOV ADD
448: 565 566 567 567, r1 -> p112 [p85] | XOR ADD
449: 565 566 567 567, r44 -> p118 [p83] | CALL SAVE_PC
450: 565 566 567 567, r4 -> p57, r4 -> p102 [p57] | CALL SUB_IMM
451: 566 567 568 568, r44 -> p118, r4 -> p102 | CALL STORE
452: 566 567 568 568 | CALL JMP_IMM
453: 566 567 568 568, r5 -> p92, r4 -> p102 | PUSH STORE
454: 566 567 568 568, r4 -> p102, r4 -> p103 [p102] | PUSH SUB_IMM
455: 567 568 569 569, r15 -> p15, r4 -> p103 | PUSH STORE
456: 567 568 569 569, r4 -> p103, r4 -> p120 [p103] | PUSH SUB_IMM
457: 567 569 570 570, r14 -> p73, r4 -> p120 | PUSH STORE
458: 567 569 570 570, r4 -> p120, r4 -> p116 [p120] | PUSH SUB_IMM
459: 568 570 571 571, r13 -> p13, r4 -> p116 | PUSH STORE
460: 568 570 571 571, r4 -> p116, r4 -> p126 [p116] | PUSH SUB_IMM
461: 568 571 572 572, r12 -> p12, r4 -> p126 | PUSH STORE
462: 568 571 572 572, r4 -> p126, r4 -> p113 [p126] | PUSH SUB_IMM
463: 569 572 573 573, r3 -> p3, r4 -> p113 | PUSH STORE
464: 569 572 573 573, r4 -> p113, r4 -> p121 [p113] | PUSH SUB_IMM
465: 570 573 574 574, r4 -> p121, r4 -> p115 [p121], r49 -> p99 [p109] | SUB SUB_IMM
466: 570 571 572 574, r44 -> p88 [p118] | MOV SAVE_PC
467: 571 572 576 576, r44 -> p88, r0 -> p110 [p80] | MOV LOAD
468: 571 576 577 577, r0 -> p110, r0 -> p125 [p110] | INC ADD_IMM
469: 572 573 574 577, r44 -> p127 [p88] | MOV SAVE_PC
470: 572 577 578 578, r0 -> p125, r44 -> p127 | MOV STORE
471: 573 577 578 578, r0 -> p125, r44 -> p52 [p127], r49 -> p6 [p99] | TEST AND_IMM
472: 573 574 575 578, r1 -> p112, r4 -> p115 | MOV STORE
473: 574 575 576 578, r2 -> p98, r4 -> p115 | MOV STORE
474: 574 575 576 579, r6 -> p104, r4 -> p115 | MOV STORE
475: 576 577 578 579, r7 -> p105, r4 -> p115 | MOV STORE
476: 577 578 579 579, r49 -> p6 | J JMP_IMM
477: 584 585 586 586, r4 -> p115 | MOV STORE
478: 584 585 586 586, r44 -> p123 [p52] | MOVSX SAVE_PC
479: 584 586 590 590, r44 -> p123, r44 -> p84 [p123] | MOVSX LOAD
480: 584 590 591 591, r44 -> p84, r3 -> p60 [p3] | MOVSX SEXT_DWORD_TO_QWORD
481: 585 591 592 592, r3 -> p60, r44 -> p100 [p84] | MOV LEA
482: 585 592 593 593, r3 -> p60, r44 -> p100 | MOV STORE
483: 585 586 587 593, r44 -> p50 [p100] | CALL SAVE_PC
484: 585 586 587 593, r4 -> p115, r4 -> p124 [p115] | CALL SUB_IMM
485: 586 587 588 593, r44 -> p50, r4 -> p124 | CALL STORE
486: 586 587 588 594 | CALL JMP_IMM
487: 590 591 592 594, r44 -> p55 [p50] | MOV SAVE_PC
488: 591 592 596 596, r44 -> p55, r0 -> p51 [p125] | MOV LOAD
489: 592 596 597 597, r0 -> p51, r44 -> p59 [p55], r49 -> p64 [p6] | CMP SUB_IMM
490: 593 597 598 598, r49 -> p64 | J JMP_IMM
491: 603 604 605 605, r0 -> p51, r44 -> p97 [p59], r49 -> p95 [p64] | CMP SUB_IMM
492: 603 605 606 606, r49 -> p95 | J JMP_IMM
493: 603 604 605 606, r0 -> p122 [p51] | XOR ADD
494: 603 604 608 608, r4 -> p124, r44 -> p65 [p97] | RET LOAD
495: 604 605 606 608, r4 -> p124, r4 -> p58 [p124] | RET ADD_IMM
496: 604 608 609 609, r44 -> p65 | RET JMP_REG
497: 604 605 606 609, r0 -> p122, r0 -> p122, r44 -> p69 [p65], r49 -> p66 [p95] | TEST AND
498: 604 606 607 609, r49 -> p66 | J JMP_IMM
499: 612 613 617 617, r3 -> p60, r0 -> p101 [p122] | MOV LOAD
500: 612 617 618 618, r0 -> p101, r4 -> p58 | MOV STORE
501: 612 613 614 618, r3 -> p60, r44 -> p44 [p69] | MOV LEA
502: 612 614 615 618, r44 -> p44 | MOV STORE
503: 613 614 615 618, r3 -> p60, r44 -> p14 [p44], r49 -> p79 [p66] | CMP SUB_IMM
504: 613 615 616 619, r49 -> p79 | J JMP_IMM
505: 613 617 618 619, r0 -> p101, r0 -> p101, r44 -> p4 [p14], r49 -> p106 [p79] | TEST AND
506: 613 618 619 619, r49 -> p106 | J JMP_IMM
507: 617 618 619 619, r4 -> p58 | MOV STORE
508: 618 619 620 620 | JMP JMP_IMM
509: 618 619 623 623, r4 -> p58, r45 -> p0 [p117] | CMP LOAD
510: 618 623 624 624, r45 -> p0, r44 -> p45 [p4], r49 -> p78 [p106] | CMP SUB
511: 618 624 625 625, r49 -> p78 | J JMP_IMM
512: 630 631 632 632, r44 -> p76 [p45] | MOV SAVE_PC
513: 630 632 636 636, r44 -> p76, r0 -> p111 [p101] | MOV LOAD
514: 630 636 637 637, r0 -> p111, r44 -> p70 [p76], r49 -> p81 [p78] | CMP SUB_IMM
515: 630 637 638 638, r49 -> p81 | J JMP_IMM
516: 631 636 637 638, r0 -> p111, r44 -> p82 [p70], r49 -> p67 [p81] | CMP SUB_IMM
517: 631 637 638 638, r49 -> p67 | J JMP_IMM
518: 631 632 633 638, r2 -> p75 [p98] | MOV ADD_IMM
519: 631 633 634 639, r2 -> p75, r3 -> p60, r2 -> p77 [p75], r49 -> p86 [p67] | SUB SUB
520: 632 633 634 639, r44 -> p63 [p82] | MOV ADD_IMM
521: 636 637 638 639, r45 -> p7 [p0] | MOV SAVE_PC
522: 637 638 639 639, r44 -> p63, r45 -> p7 | MOV STORE
523: 638 639 643 643, r4 -> p58, r7 -> p54 [p105] | MOV LOAD
524: 638 639 643 643, r4 -> p58, r6 -> p114 [p104] | MOV LOAD
525: 638 639 640 643, r44 -> p108 [p63] | CALL SAVE_PC
526: 638 639 640 643, r4 -> p58, r4 -> p8 [p58] | CALL SUB_IMM
527: 639 640 641 644, r44 -> p108, r4 -> p8 | CALL STORE
528: 639 640 641 644 | CALL JMP_IMM
529: 639 640 641 644, r5 -> p92, r4 -> p8 | PUSH STORE
530: 639 640 641 644, r4 -> p8, r4 -> p74 [p8] | PUSH SUB_IMM
531: 643 644 645 645, r15 -> p15, r4 -> p74 | PUSH STORE
532: 643 644 645 645, r4 -> p74, r4 -> p68 [p74] | PUSH SUB_IMM
533: 643 645 646 646, r14 -> p73, r4 -> p68 | PUSH STORE
534: 643 645 646 646, r4 -> p68, r4 -> p87 [p68] | PUSH SUB_IMM
535: 644 646 647 647, r13 -> p13, r4 -> p87 | PUSH STORE
536: 644 646 647 647, r4 -> p87, r4 -> p94 [p87] | PUSH SUB_IMM
537: 644 647 648 648, r12 -> p12, r4 -> p94 | PUSH STORE
538: 644 647 648 648, r4 -> p94, r4 -> p119 [p94] | PUSH SUB_IMM
539: 645 648 649 649, r3 -> p60, r4 -> p119 | PUSH STORE
540: 645 648 649 649, r4 -> p119, r4 -> p96 [p119] | PUSH SUB_IMM
541: 646 649 650 650, r4 -> p96, r4 -> p91 [p96], r49 -> p49 [p86] | SUB SUB_IMM
542: 646 647 648 650, r44 -> p71 [p108] | MOVSX SAVE_PC
543: 647 648 652 652, r44 -> p71, r44 -> p72 [p71] | MOVSX LOAD
544: 647 652 653 653, r44 -> p72, r0 -> p90 [p111] | MOVSX SEXT_DWORD_TO_QWORD
545: 648 653 654 654, r0 -> p90, r44 -> p61 [p72] | MOV LEA
546: 648 654 655 655, r0 -> p90, r44 -> p61 | MOV STORE
547: 649 650 651 655, r44 -> p5 [p61] | MOVZX SAVE_PC
548: 649 651 655 655, r44 -> p5, r44 -> p62 [p5] | MOVZX LOAD
549: 650 655 656 656, r44 -> p62, r0 -> p56 [p90] | MOVZX ZEXT_WORD_TO_DWORD
550: 650 656 657 657, r0 -> p56, r0 -> p56, r44 -> p89 [p62], r49 -> p1 [p49] | TEST AND
551: 652 653 654 657, r2 -> p77, r4 -> p91 | MOV STORE
552: 653 654 655 657, r6 -> p114, r4 -> p91 | MOV STORE
553: 654 655 656 657, r7 -> p54, r4 -> p91 | MOV STORE
554: 655 657 658 658, r49 -> p1 | J JMP_IMM
555: 663 664 668 668, r4 -> p91, r45 -> p93 [p7] | CMP LOAD
556: 663 668 669 669, r45 -> p93, r44 -> p2 [p89], r49 -> p107 [p1] | CMP SUB
557: 663 669 670 670, r49 -> p107 | J JMP_IMM
558: 663 664 665 670, r45 -> p85 [p93] | CMP SAVE_PC
559: 664 665 669 670, r45 -> p85, r45 -> p83 [p85] | CMP LOAD
560: 664 669 670 670, r45 -> p83, r44 -> p57 [p2], r49 -> p102 [p107] | CMP SUB_IMM
561: 664 670 671 671, r49 -> p102 | J JMP_IMM
562: 676 677 678 678, r44 -> p103 [p57] | INC SAVE_PC
563: 676 678 682 682, r44 -> p103, r44 -> p120 [p103] | INC LOAD
564: 676 682 683 683, r44 -> p120, r44 -> p116 [p120] | INC ADD_IMM
565: 676 677 678 683, r45 -> p126 [p83] | INC SAVE_PC
566: 677 683 684 684, r44 -> p116, r45 -> p126 | INC STORE
567: 677 678 679 684, r44 -> p113 [p116] | INC SAVE_PC
568: 677 679 683 684, r44 -> p113, r44 -> p121 [p113] | INC LOAD
569: 677 683 684 684, r44 -> p121, r44 -> p109 [p121] | INC ADD_IMM
570: 678 679 680 685, r45 -> p118 [p126] | INC SAVE_PC
571: 682 684 685 685, r44 -> p109, r45 -> p118 | INC STORE
572: 683 684 685 685, r44 -> p80 [p109] | INC SAVE_PC
573: 683 685 689 689, r44 -> p80, r44 -> p110 [p80] | INC LOAD
574: 684 689 690 690, r44 -> p110, r44 -> p88 [p110] | INC ADD_IMM
575: 684 685 686 690, r45 -> p127 [p118] | INC SAVE_PC
576: 684 690 691 691, r44 -> p88, r45 -> p127 | INC STORE
577: 684 685 686 691, r1 -> p99 [p112] | MOV ADD_IMM
578: 685 686 687 691, r44 -> p52 [p88] | MOV SAVE_PC
579: 685 687 691 691, r44 -> p52, r6 -> p123 [p114] | MOV LOAD
580: 685 691 692 692, r6 -> p123, r0 -> p3 [p56] | MOV ADD
581: 689 692 693 693, r0 -> p3, r1 -> p99, r44 -> p84 [p52], r49 -> p100 [p102] | MUL MUL
582: 690 693 694 694, r44 -> p84, r0 -> p115 [p3] | MUL ADD
583: 690 693 694 694, r44 -> p84, r2 -> p50 [p77] | MUL UPPER_HALF
584: 691 694 695 695, r2 -> p50, r2 -> p125 [p50], r49 -> p55 [p100] | SHR SHR_IMM
585: 691 695 696 696, r2 -> p125, r0 -> p6 [p115], r49 -> p59 [p55] | IMUL IMUL_T_IMM
586: 691 692 693 696, r6 -> p123, r1 -> p64 [p99] | MOV ADD
587: 691 696 697 697, r1 -> p64, r0 -> p6, r1 -> p51 [p64], r49 -> p97 [p59] | SUB SUB
588: 692 697 698 698, r1 -> p51, r0 -> p124 [p6] | MOV ADD
589: 693 698 699 699, r0 -> p124, r0 -> p65 [p124], r49 -> p95 [p97] | SHL SHL_IMM
590: 694 695 696 699, r44 -> p122 [p84] | MOV SAVE_PC
591: 694 696 700 700, r44 -> p122, r2 -> p69 [p125] | MOV LOAD
592: 695 700 704 704, r0 -> p65, r2 -> p69, r45 -> p44 [p127] | CMP LOAD
593: 696 704 705 705, r45 -> p44, r6 -> p123, r44 -> p66 [p122], r49 -> p14 [p95] | CMP SUB
594: 696 705 706 706, r49 -> p14 | J JMP_IMM
595: 711 712 713 713, r44 -> p79 [p66] | MOV ADD_IMM
596: 711 713 714 714, r44 -> p79, r4 -> p91 | MOV STORE
597: 711 712 716 716, r4 -> p91, r7 -> p117 [p54] | MOV LOAD
598: 711 712 716 716, r4 -> p91, r3 -> p4 [p60] | MOV LOAD
599: 712 716 717 717, r3 -> p4, r6 -> p106 [p123] | MOV ADD
600: 712 713 714 717, r44 -> p45 [p79] | CALL SAVE_PC
601: 712 713 714 717, r4 -> p91, r4 -> p101 [p91] | CALL SUB_IMM
602: 712 714 715 717, r44 -> p45, r4 -> p101 | CALL STORE
603: 713 714 715 718 | CALL JMP_IMM
604: 714 715 716 718, r5 -> p92, r4 -> p101 | PUSH STORE
605: 716 717 718 718, r4 -> p101, r4 -> p76 [p101] | PUSH SUB_IMM
606: 716 718 719 719, r15 -> p15, r4 -> p76 | PUSH STORE
607: 717 718 719 719, r4 -> p76, r4 -> p78 [p76] | PUSH SUB_IMM
608: 717 719 720 720, r14 -> p73, r4 -> p78 | PUSH STORE
609: 717 719 720 720, r4 -> p78, r4 -> p70 [p78] | PUSH SUB_IMM
610: 717 720 721 721, r13 -> p13, r4 -> p70 | PUSH STORE
611: 718 720 721 721, r4 -> p70, r4 -> p81 [p70] | PUSH SUB_IMM
612: 718 721 722 722, r12 -> p12, r4 -> p81 | PUSH STORE
613: 718 721 722 722, r4 -> p81, r4 -> p98 [p81] | PUSH SUB_IMM
614: 719 722 723 723, r3 -> p4, r4 -> p98 | PUSH STORE
615: 719 722 723 723, r4 -> p98, r4 -> p75 [p98] | PUSH SUB_IMM
616: 720 723 724 724, r4 -> p75, r4 -> p67 [p75], r49 -> p82 [p14] | SUB SUB_IMM
617: 720 721 722 724, r44 -> p0 [p45] | MOV SAVE_PC
618: 721 722 726 726, r44 -> p0, r1 -> p105 [p51] | MOV LOAD
619: 721 726 727 727, r1 -> p105, r44 -> p104 [p0], r49 -> p63 [p82] | CMP SUB_IMM
620: 722 727 728 728, r49 -> p63 | J JMP_IMM
621: 722 726 727 728, r1 -> p105, r44 -> p58 [p104], r49 -> p8 [p63] | CMP SUB_IMM
622: 723 727 728 728, r49 -> p8 | J JMP_IMM
623: 723 726 727 728, r1 -> p105, r44 -> p74 [p58], r49 -> p68 [p8] | CMP SUB_IMM
624: 724 727 728 729, r49 -> p68 | J JMP_IMM
625: 724 725 726 729, r44 -> p87 [p74] | MOV SAVE_PC
626: 726 727 731 731, r44 -> p87, r1 -> p94 [p105] | MOV LOAD
627: 727 731 732 732, r1 -> p94, r2 -> p119 [p69] | MOV ADD
628: 728 732 733 733, r2 -> p119, r2 -> p96 [p119], r49 -> p86 [p68] | NEG SUB
629: 728 729 730 733, r44 -> p108 [p87] | MOV SAVE_PC
630: 728 730 734 734, r44 -> p108, r8 -> p71 [p53] | MOV LOAD
631: 728 734 735 735, r8 -> p71, r8 -> p71, r44 -> p111 [p108], r49 -> p72 [p86] | TEST AND
632: 729 735 736 736, r1 -> p94, r49 -> p72, r2 -> p61 [p96] | CMOV ADD
633: 729 730 731 736, r44 -> p5 [p111] | MOV SAVE_PC
634: 731 732 736 736, r44 -> p5, r1 -> p90 [p94] | MOV LOAD
635: 732 736 737 737, r2 -> p61, r0 -> p62 [p65] | MOV ADD
636: 733 737 738 738, r0 -> p62, r1 -> p90, r0 -> p49 [p62], r49 -> p7 [p72] | SUB SUB
637: 733 738 739 739, r0 -> p49, r6 -> p106, r44 -> p89 [p5], r49 -> p1 [p7] | CMP SUB
638: 734 739 740 740, r49 -> p1 | J JMP_IMM
639: 735 736 737 740, r2 -> p61, r1 -> p90, r2 -> p93 [p61], r49 -> p85 [p1] | ADD ADD
640: 736 737 738 740, r2 -> p93, r7 -> p117, r44 -> p2 [p89], r49 -> p107 [p85] | CMP SUB
641: 736 738 739 740, r49 -> p107 | J JMP_IMM
642: 736 737 738 741, r2 -> p93, r0 -> p57 [p49] | MOV ADD
643: 737 738 739 741 | JMP JMP_IMM
644: 738 739 740 741, r4 -> p67, r4 -> p103 [p67], r49 -> p120 [p107] | ADD ADD_IMM
645: 739 740 744 744, r4 -> p103, r3 -> p83 [p4] | POP LOAD
646: 740 741 742 744, r4 -> p103, r4 -> p116 [p103] | POP ADD_IMM
647: 740 742 746 746, r4 -> p116, r12 -> p113 [p12] | POP LOAD
648: 740 742 743 746, r4 -> p116, r4 -> p121 [p116] | POP ADD_IMM
649: 740 743 747 747, r4 -> p121, r13 -> p126 [p13] | POP LOAD
650: 741 743 744 747, r4 -> p121, r4 -> p109 [p121] | POP ADD_IMM
651: 741 744 748 748, r4 -> p109, r14 -> p80 [p73] | POP LOAD
652: 741 744 745 748, r4 -> p109, r4 -> p110 [p109] | POP ADD_IMM
653: 744 745 749 749, r4 -> p110, r15 -> p118 [p15] | POP LOAD
654: 744 745 746 749, r4 -> p110, r4 -> p112 [p110] | POP ADD_IMM
655: 746 747 751 751, r4 -> p112, r5 -> p88 [p92] | POP LOAD
656: 746 747 748 751, r4 -> p112, r4 -> p114 [p112] | POP ADD_IMM
657: 747 748 752 752, r4 -> p114, r44 -> p56 [p2] | RET LOAD
658: 747 748 749 752, r4 -> p114, r4 -> p52 [p114] | RET ADD_IMM
659: 748 752 753 753, r44 -> p56 | RET JMP_REG
660: 748 749 750 753, r0 -> p57, r3 -> p83, r44 -> p102 [p56], r49 -> p3 [p120] | CMP SUB
661: 749 750 751 753, r0 -> p57, r3 -> p77 [p83] | MOV ADD
662: 749 750 751 753, r49 -> p3 | J JMP_IMM
663: 756 757 758 758, r4 -> p52, r7 -> p50 [p117] | LEA LEA
664: 756 757 758 758, r44 -> p100 [p102] | CALL SAVE_PC
665: 756 757 758 758, r4 -> p52, r4 -> p115 [p52] | CALL SUB_IMM
666: 756 758 759 759, r44 -> p100, r4 -> p115 | CALL STORE
667: 757 758 759 759 | CALL JMP_IMM
668: 757 758 759 759, r5 -> p88, r4 -> p115 | PUSH STORE
669: 757 758 759 759, r4 -> p115, r4 -> p55 [p115] | PUSH SUB_IMM
670: 757 759 760 760, r15 -> p118, r4 -> p55 | PUSH STORE
671: 758 759 760 760, r4 -> p55, r4 -> p99 [p55] | PUSH SUB_IMM
672: 758 760 761 761, r14 -> p80, r4 -> p99 | PUSH STORE
673: 758 760 761 761, r4 -> p99, r4 -> p64 [p99] | PUSH SUB_IMM
674: 759 761 762 762, r13 -> p126, r4 -> p64 | PUSH STORE
675: 759 761 762 762, r4 -> p64, r4 -> p59 [p64] | PUSH SUB_IMM
676: 759 762 763 763, r12 -> p113, r4 -> p59 | PUSH STORE
677: 759 762 763 763, r4 -> p59, r4 -> p6 [p59] | PUSH SUB_IMM
678: 760 763 764 764, r3 -> p77, r4 -> p6 | PUSH STORE
679: 760 763 764 764, r4 -> p6, r4 -> p124 [p6] | PUSH SUB_IMM
680: 761 764 765 765, r4 -> p124, r4 -> p97 [p124], r49 -> p84 [p3] | SUB SUB_IMM
681: 761 762 763 765, r44 -> p125 [p100] | MOV SAVE_PC
682: 762 763 764 765, r44 -> p125 | MOV STORE
683: 762 763 764 765, r44 -> p127 [p125] | MOV SAVE_PC
684: 763 764 765 766, r44 -> p127 | MOV STORE
685: 763 764 765 766, r44 -> p122 [p127] | MOV SAVE_PC
686: 764 765 766 766, r7 -> p50, r44 -> p122 | MOV STORE
687: 764 765 766 766, r45 -> p95 [p44] | CMP SAVE_PC
688: 765 766 770 770, r45 -> p95, r45 -> p66 [p95] | CMP LOAD
689: 765 770 771 771, r45 -> p66, r44 -> p54 [p122], r49 -> p60 [p84] | CMP SUB_IMM
690: 765 771 772 772, r49 -> p60 | J JMP_IMM
691: 777 778 779 779, r44 -> p123 [p54] | MOV SAVE_PC
692: 777 779 783 783, r44 -> p123, r0 -> p79 [p57] | MOV LOAD
693: 777 783 784 784, r0 -> p79, r4 -> p97 | MOV STORE
694: 777 778 779 784, r44 -> p91 [p123] | MOV SAVE_PC
695: 778 779 783 784, r44 -> p91, r3 -> p101 [p77] | MOV LOAD
696: 778 779 780 784, r44 -> p76 [p91] | MOV SAVE_PC
697: 778 780 784 785, r44 -> p76, r0 -> p78 [p79] | MOV LOAD
698: 778 784 785 785, r0 -> p78, r4 -> p97 | MOV STORE
699: 779 780 781 785, r44 -> p70 [p76] | MOV SAVE_PC
700: 783 784 788 788, r44 -> p70, r0 -> p81 [p78] | MOV LOAD
701: 784 788 789 789, r0 -> p81, r4 -> p97 | MOV STORE
702: 784 785 786 789, r14 -> p98 [p80] | MOV ADD_IMM
703: 784 785 786 789 | JMP JMP_IMM
704: 784 789 793 793, r4 -> p97, r45 -> p75 [p66] | CMP LOAD
705: 785 793 794 794, r45 -> p75, r44 -> p14 [p70], r49 -> p45 [p60] | CMP SUB
706: 785 794 795 795, r49 -> p45 | J JMP_IMM
707: 785 786 787 795, r15 -> p51 [p118] | MOV ADD_IMM
708: 788 789 790 795, r12 -> p0 [p113] | MOV ADD_IMM
709: 789 790 791 795 | JMP JMP_IMM
710: 789 790 794 796, r4 -> p97, r45 -> p82 [p75] | CMP LOAD
711: 789 794 795 796, r15 -> p51, r45 -> p82, r44 -> p104 [p14], r49 -> p63 [p45] | CMP SUB
712: 793 795 796 796, r49 -> p63 | J JMP_IMM
713: 794 795 796 796, r44 -> p58 [p104] | MOV SAVE_PC
714: 795 796 800 800, r44 -> p58, r0 -> p8 [p81] | MOV LOAD
715: 795 800 801 801, r0 -> p8, r44 -> p74 [p58], r49 -> p105 [p63] | CMP SUB_IMM
716: 795 801 802 802, r49 -> p105 | J JMP_IMM
717: 795 796 797 802, r44 -> p69 [p74] | MOV SAVE_PC
718: 796 797 801 802, r44 -> p69, r1 -> p119 [p90] | MOV LOAD
719: 796 801 802 802, r1 -> p119, r44 -> p68 [p69], r49 -> p87 [p105] | CMP SUB_IMM
720: 796 802 803 803, r49 -> p87 | J JMP_IMM
721: 808 809 813 813, r12 -> p0, r44 -> p53 [p68] | MOVSX LOAD
722: 808 813 814 814, r44 -> p53, r13 -> p108 [p126] | MOVSX SEXT_DWORD_TO_QWORD
723: 808 814 815 815, r13 -> p108, r13 -> p108, r44 -> p86 [p53], r49 -> p96 [p87] | TEST AND
724: 808 815 816 816, r49 -> p96 | J JMP_IMM
725: 809 814 815 816, r13 -> p108, r5 -> p111 [p88] | MOV ADD
726: 809 810 811 816, r44 -> p94 [p86] | MOV SAVE_PC
727: 809 815 816 816, r5 -> p111, r44 -> p94 | MOV STORE
728: 809 810 811 817, r15 -> p51, r15 -> p65 [p51] | INC ADD_IMM
729: 813 814 818 818, r13 -> p108, r1 -> p62 [p119] | MOV LOAD
730: 814 818 819 819, r1 -> p62, r1 -> p72 [p62] | DEC SUB_IMM
731: 815 819 820 820, r1 -> p72, r44 -> p5 [p94], r49 -> p7 [p96] | CMP SUB_IMM
732: 816 820 821 821, r49 -> p7 | J JMP_IMM
733: 816 819 823 823, r1 -> p72, r44 -> p61 [p5] | JMP LOAD
734: 816 823 824 824, r44 -> p61 | JMP JMP_REG
735: 816 817 818 824, r5 -> p111, r7 -> p1 [p50] | LEA LEA
736: 817 818 819 824, r7 -> p1, r0 -> p89 [p8] | MOVSX SEXT_DWORD_TO_QWORD
737: 818 819 823 824, r0 -> p89, r45 -> p85 [p82] | CMP LOAD
738: 819 823 824 825, r45 -> p85, r44 -> p49 [p61], r49 -> p67 [p7] | CMP SUB
739: 820 824 825 825, r49 -> p67 | J JMP_IMM
740: 830 831 832 832, r5 -> p111, r7 -> p107 [p1] | LEA LEA
741: 830 832 833 833, r7 -> p107, r0 -> p4 [p89] | MOVSX SEXT_DWORD_TO_QWORD
742: 830 833 837 837, r0 -> p4, r45 -> p103 [p85] | CMP LOAD
743: 830 837 838 838, r45 -> p103, r44 -> p12 [p49], r49 -> p116 [p67] | CMP SUB
744: 831 838 839 839, r49 -> p116 | J JMP_IMM
745: 831 832 833 839, r44 -> p13 [p12] | CALL SAVE_PC
746: 831 832 833 839, r4 -> p97, r4 -> p121 [p97] | CALL SUB_IMM
747: 831 833 834 839, r44 -> p13, r4 -> p121 | CALL STORE
748: 832 833 834 840 | CALL JMP_IMM
749: 833 834 835 840, r14 -> p98, r4 -> p121 | PUSH STORE
750: 837 838 839 840, r4 -> p121, r4 -> p73 [p121] | PUSH SUB_IMM
751: 838 839 840 840, r3 -> p101, r4 -> p73 | PUSH STORE
752: 839 840 841 841, r4 -> p73, r4 -> p109 [p73] | PUSH SUB_IMM
753: 839 840 841 841, r7 -> p107, r0 -> p15 [p4] | MOVSX SEXT_DWORD_TO_QWORD
754: 839 841 842 842, r0 -> p15, r0 -> p15, r1 -> p110 [p72] | LEA LEA
755: 839 840 841 842, r44 -> p92 [p13] | MOVSX SAVE_PC
756: 840 841 845 845, r44 -> p92, r44 -> p112 [p92] | MOVSX LOAD
757: 840 845 846 846, r44 -> p112, r2 -> p2 [p93] | MOVSX SEXT_DWORD_TO_QWORD
758: 840 841 842 846, r0 -> p15, r6 -> p114 [p106] | MOV ADD
759: 840 846 847 847, r6 -> p114, r2 -> p2, r6 -> p56 [p114], r49 -> p120 [p116] | SUB SUB
760: 841 847 848 848, r6 -> p56, r6 -> p83 [p56] | MOVSX SEXT_DWORD_TO_QWORD
761: 841 846 847 848, r1 -> p110, r2 -> p2, r1 -> p117 [p110], r49 -> p102 [p120] | SUB SUB
762: 842 847 848 848, r1 -> p117, r1 -> p52 [p117] | MOVSX SEXT_DWORD_TO_QWORD
763: 842 848 849 849, r1 -> p52, r1 -> p115 [p52] | LEA LEA
764: 845 846 850 850, r2 -> p2, r7 -> p55 [p107] | MOV LOAD
765: 846 847 848 850, r0 -> p15, r8 -> p99 [p71] | LEA LEA
766: 846 847 848 850, r9 -> p64 [p9] | XOR ADD
767: 847 848 849 850, r44 -> p59 [p112] | MOV SAVE_PC
768: 848 849 853 853, r44 -> p59, r10 -> p6 [p10] | MOV LOAD
769: 848 849 850 853, r44 -> p124 [p59] | MOV SAVE_PC
770: 848 850 854 854, r44 -> p124, r11 -> p3 [p11] | MOV LOAD
771: 849 850 851 854, r44 -> p100 [p124] | MOV SAVE_PC
772: 850 851 855 855, r44 -> p100, r3 -> p125 [p101] | MOV LOAD
773: 850 851 852 855 | JMP JMP_IMM
774: 850 851 855 855, r9 -> p64, r8 -> p99, r14 -> p127 [p98] | MOV LOAD
775: 850 855 856 856, r14 -> p127, r44 -> p44 [p100], r49 -> p95 [p102] | CMP SUB_IMM
776: 853 856 857 857, r49 -> p95 | J JMP_IMM
777: 862 863 864 864, r3 -> p125, r44 -> p122 [p44], r49 -> p84 [p95] | TEST AND_IMM
778: 862 864 865 865, r49 -> p84 | J JMP_IMM
779: 870 871 872 872, r0 -> p15, r6 -> p83, r0 -> p54 [p15], r49 -> p57 [p84] | ADD ADD
780: 870 871 872 872, r6 -> p83, r9 -> p64, r14 -> p123 [p127] | LEA LEA
781: 870 871 875 875, r9 -> p64, r1 -> p115, r45 -> p77 [p103] | CMP LOAD
782: 870 875 876 876, r45 -> p77, r44 -> p91 [p122], r49 -> p79 [p57] | CMP SUB
783: 871 876 877 877, r49 -> p79 | J JMP_IMM
784: 871 872 873 877, r14 -> p123, r9 -> p76 [p64] | MOV ADD
785: 871 873 877 877, r9 -> p76, r8 -> p99, r14 -> p78 [p123] | MOV LOAD
786: 871 877 878 878, r14 -> p78, r44 -> p80 [p91], r49 -> p66 [p79] | CMP SUB_IMM
787: 872 878 879 879, r49 -> p66 | J JMP_IMM
788: 884 885 886 886, r3 -> p125, r44 -> p70 [p80], r49 -> p60 [p66] | TEST AND_IMM
789: 884 886 887 887, r49 -> p60 | J JMP_IMM
790: 892 893 894 894, r0 -> p54, r6 -> p83, r0 -> p118 [p54], r49 -> p113 [p60] | ADD ADD
791: 892 893 894 894, r6 -> p83, r9 -> p76, r14 -> p75 [p78] | LEA LEA
792: 892 893 897 897, r9 -> p76, r1 -> p115, r45 -> p14 [p77] | CMP LOAD
793: 892 897 898 898, r45 -> p14, r44 -> p45 [p70], r49 -> p104 [p113] | CMP SUB
794: 893 898 899 899, r49 -> p104 | J JMP_IMM
795: 904 905 906 906, r44 -> p81 [p45] | MOV SAVE_PC
796: 904 906 907 907, r10 -> p6, r44 -> p81 | MOV STORE
797: 904 905 906 907 | JMP JMP_IMM
798: 904 905 909 909, r4 -> p109, r3 -> p58 [p125] | POP LOAD
799: 905 906 907 909, r4 -> p109, r4 -> p63 [p109] | POP ADD_IMM
800: 905 907 911 911, r4 -> p63, r14 -> p74 [p75] | POP LOAD
801: 905 907 908 911, r4 -> p63, r4 -> p90 [p63] | POP ADD_IMM
802: 905 908 912 912, r4 -> p90, r44 -> p69 [p81] | RET LOAD
803: 906 908 909 912, r4 -> p90, r4 -> p105 [p90] | RET ADD_IMM
804: 907 912 913 913, r44 -> p69 | RET JMP_REG
805: 907 908 909 913, r5 -> p111, r7 -> p68 [p55] | LEA LEA
806: 909 910 911 913, r7 -> p68, r0 -> p126 [p118] | MOVSX SEXT_DWORD_TO_QWORD
807: 909 911 915 915, r0 -> p126, r45 -> p53 [p14] | CMP LOAD
808: 911 915 916 916, r45 -> p53, r44 -> p87 [p69], r49 -> p88 [p104] | CMP SUB
809: 911 916 917 917, r49 -> p88 | J JMP_IMM
810: 912 913 914 917, r44 -> p86 [p87] | CALL SAVE_PC
811: 912 913 914 917, r4 -> p105, r4 -> p51 [p105] | CALL SUB_IMM
812: 913 914 915 917, r44 -> p86, r4 -> p51 | CALL STORE
813: 913 914 915 918 | CALL JMP_IMM
814: 913 914 915 918, r14 -> p74, r4 -> p51 | PUSH STORE
815: 915 916 917 918, r4 -> p51, r4 -> p119 [p51] | PUSH SUB_IMM
816: 916 917 918 918, r3 -> p58, r4 -> p119 | PUSH STORE
817: 917 918 919 919, r4 -> p119, r4 -> p62 [p119] | PUSH SUB_IMM
818: 917 918 919 919, r7 -> p68, r0 -> p94 [p126] | MOVSX SEXT_DWORD_TO_QWORD
819: 917 919 920 920, r0 -> p94, r0 -> p94, r1 -> p96 [p115] | LEA LEA
820: 917 918 919 920, r44 -> p5 [p86] | MOVSX SAVE_PC
821: 918 919 923 923, r44 -> p5, r44 -> p50 [p5] | MOVSX LOAD
822: 918 923 924 924, r44 -> p50, r2 -> p8 [p2] | MOVSX SEXT_DWORD_TO_QWORD
823: 918 919 920 924, r0 -> p94, r6 -> p82 [p83] | MOV ADD
824: 918 924 925 925, r6 -> p82, r2 -> p8, r6 -> p61 [p82], r49 -> p7 [p88] | SUB SUB
825: 919 925 926 926, r6 -> p61, r6 -> p1 [p61] | MOVSX SEXT_DWORD_TO_QWORD
826: 919 924 925 926, r1 -> p96, r2 -> p8, r1 -> p89 [p96], r49 -> p85 [p7] | SUB SUB
827: 920 925 926 926, r1 -> p89, r1 -> p49 [p89] | MOVSX SEXT_DWORD_TO_QWORD
828: 920 926 927 927, r1 -> p49, r1 -> p67 [p49] | LEA LEA
829: 923 924 928 928, r2 -> p8, r7 -> p12 [p68] | MOV LOAD
830: 924 925 926 928, r0 -> p94, r8 -> p97 [p99] | LEA LEA
831: 924 925 926 928, r9 -> p121 [p76] | XOR ADD
832: 925 926 927 928, r44 -> p73 [p50] | MOV SAVE_PC
833: 926 927 931 931, r44 -> p73, r10 -> p4 [p6] | MOV LOAD
834: 926 927 928 931, r44 -> p72 [p73] | MOV SAVE_PC
835: 926 928 932 932, r44 -> p72, r11 -> p13 [p3] | MOV LOAD
836: 927 928 929 932, r44 -> p92 [p72] | MOV SAVE_PC
837: 928 929 933 933, r44 -> p92, r3 -> p93 [p58] | MOV LOAD
838: 928 929 930 933 | JMP JMP_IMM
839: 928 929 933 933, r9 -> p121, r8 -> p97, r14 -> p106 [p74] | MOV LOAD
840: 928 933 934 934, r14 -> p106, r44 -> p114 [p92], r49 -> p116 [p85] | CMP SUB_IMM
841: 931 934 935 935, r49 -> p116 | J JMP_IMM
842: 940 941 942 942, r3 -> p93, r44 -> p56 [p114], r49 -> p110 [p116] | TEST AND_IMM
843: 940 942 943 943, r49 -> p110 | J JMP_IMM
844: 948 949 950 950, r0 -> p94, r6 -> p1, r0 -> p120 [p94], r49 -> p117 [p110] | ADD ADD
845: 948 949 950 950, r6 -> p1, r9 -> p121, r14 -> p52 [p106] | LEA LEA
846: 948 949 953 953, r9 -> p121, r1 -> p67, r45 -> p107 [p53] | CMP LOAD
847: 948 953 954 954, r45 -> p107, r44 -> p71 [p56], r49 -> p9 [p117] | CMP SUB
848: 949 954 955 955, r49 -> p9 | J JMP_IMM
849: 949 950 951 955, r14 -> p52, r9 -> p112 [p121] | MOV ADD
850: 949 951 955 955, r9 -> p112, r8 -> p97, r14 -> p10 [p52] | MOV LOAD
851: 949 955 956 956, r14 -> p10, r44 -> p59 [p71], r49 -> p11 [p9] | CMP SUB_IMM
852: 950 956 957 957, r49 -> p11 | J JMP_IMM
853: 950 951 952 957, r44 -> p124 [p59] | MOV SAVE_PC
854: 953 954 955 957, r10 -> p4, r44 -> p124 | MOV STORE
855: 954 955 956 957, r7 -> p12, r14 -> p10, r7 -> p101 [p12], r49 -> p98 [p11] | XOR XOR
856: 955 956 957 958, r7 -> p101, r44 -> p100 [p124], r49 -> p102 [p98] | TEST AND_IMM
857: 955 957 958 958, r49 -> p102 | J JMP_IMM
858: 963 964 968 968, r4 -> p62, r3 -> p44 [p93] | POP LOAD
859: 963 964 965 968, r4 -> p62, r4 -> p95 [p62] | POP ADD_IMM
860: 963 965 969 969, r4 -> p95, r14 -> p15 [p10] | POP LOAD
861: 963 965 966 969, r4 -> p95, r4 -> p84 [p95] | POP ADD_IMM
862: 964 966 970 970, r4 -> p84, r44 -> p127 [p100] | RET LOAD
863: 964 966 967 970, r4 -> p84, r4 -> p103 [p84] | RET ADD_IMM
864: 964 970 971 971, r44 -> p127 | RET JMP_REG
865: 964 965 966 971, r5 -> p111, r7 -> p122 [p101] | LEA LEA
866: 968 969 970 971, r7 -> p122, r0 -> p57 [p120] | MOVSX SEXT_DWORD_TO_QWORD
867: 968 970 974 974, r0 -> p57, r45 -> p64 [p107] | CMP LOAD
868: 969 974 975 975, r45 -> p64, r44 -> p123 [p127], r49 -> p91 [p102] | CMP SUB
869: 969 975 976 976, r49 -> p91 | J JMP_IMM
870: 970 971 972 976, r44 -> p79 [p123] | CALL SAVE_PC
871: 970 971 972 976, r4 -> p103, r4 -> p80 [p103] | CALL SUB_IMM
872: 971 972 973 976, r44 -> p79, r4 -> p80 | CALL STORE
873: 971 972 973 977 | CALL JMP_IMM
874: 971 972 973 977, r14 -> p15, r4 -> p80 | PUSH STORE
875: 974 975 976 977, r4 -> p80, r4 -> p66 [p80] | PUSH SUB_IMM
876: 975 976 977 977, r3 -> p44, r4 -> p66 | PUSH STORE
877: 976 977 978 978, r4 -> p66, r4 -> p54 [p66] | PUSH SUB_IMM
878: 976 977 978 978, r7 -> p122, r0 -> p60 [p57] | MOVSX SEXT_DWORD_TO_QWORD
879: 976 978 979 979, r0 -> p60, r0 -> p60, r1 -> p78 [p67] | LEA LEA
880: 976 977 978 979, r44 -> p77 [p79] | MOVSX SAVE_PC
881: 977 978 982 982, r44 -> p77, r44 -> p70 [p77] | MOVSX LOAD
882: 977 982 983 983, r44 -> p70, r2 -> p113 [p8] | MOVSX SEXT_DWORD_TO_QWORD
883: 977 978 979 983, r0 -> p60, r6 -> p45 [p1] | MOV ADD
884: 977 983 984 984, r6 -> p45, r2 -> p113, r6 -> p125 [p45], r49 -> p109 [p91] | SUB SUB
885: 978 984 985 985, r6 -> p125, r6 -> p75 [p125] | MOVSX SEXT_DWORD_TO_QWORD
886: 978 983 984 985, r1 -> p78, r2 -> p113, r1 -> p63 [p78], r49 -> p81 [p109] | SUB SUB
887: 979 984 985 985, r1 -> p63, r1 -> p90 [p63] | MOVSX SEXT_DWORD_TO_QWORD
888: 979 985 986 986, r1 -> p90, r1 -> p55 [p90] | LEA LEA
889: 982 983 987 987, r2 -> p113, r7 -> p118 [p122] | MOV LOAD
890: 983 984 985 987, r0 -> p60, r8 -> p14 [p97] | LEA LEA
891: 983 984 985 987, r9 -> p69 [p112] | XOR ADD
892: 984 985 986 987, r44 -> p104 [p70] | MOV SAVE_PC
893: 985 986 990 990, r44 -> p104, r10 -> p87 [p4] | MOV LOAD
894: 985 986 987 990, r44 -> p105 [p104] | MOV SAVE_PC
895: 985 987 991 991, r44 -> p105, r11 -> p51 [p13] | MOV LOAD
896: 986 987 988 991, r44 -> p119 [p105] | MOV SAVE_PC
897: 987 988 992 992, r44 -> p119, r3 -> p126 [p44] | MOV LOAD
898: 987 988 989 992 | JMP JMP_IMM
899: 987 988 992 992, r9 -> p69, r8 -> p14, r14 -> p115 [p15] | MOV LOAD
900: 987 992 993 993, r14 -> p115, r44 -> p86 [p119], r49 -> p5 [p81] | CMP SUB_IMM
901: 990 993 994 994, r49 -> p5 | J JMP_IMM
902: 990 991 992 994, r44 -> p2 [p86] | MOV SAVE_PC
903: 991 992 993 994, r10 -> p87, r44 -> p2 | MOV STORE
904: 991 992 993 994, r7 -> p118, r14 -> p115, r7 -> p83 [p118], r49 -> p82 [p5] | XOR XOR
905: 992 993 994 995, r7 -> p83, r44 -> p88 [p2], r49 -> p61 [p82] | TEST AND_IMM
906: 992 994 995 995, r49 -> p61 | J JMP_IMM
907: 992 993 994 995, r45 -> p96 [p64] | CMP SAVE_PC
908: 993 994 998 998, r45 -> p96, r45 -> p7 [p96] | CMP LOAD
909: 994 998 999 999, r45 -> p7, r44 -> p89 [p88], r49 -> p49 [p61] | CMP SUB_IMM
910: 994 999 1000 1000, r49 -> p49 | J JMP_IMM
911: 994 995 996 1000, r14 -> p115, r44 -> p68 [p89], r49 -> p99 [p49] | CMP SUB_IMM
912: 994 996 997 1000, r49 -> p99 | J JMP_IMM
913: 995 996 997 1000, r14 -> p115, r1 -> p76 [p55] | LEA LEA
914: 995 997 998 1001, r1 -> p76, r44 -> p50 [p68], r49 -> p6 [p99] | CMP SUB_IMM
915: 995 998 999 1001, r49 -> p6 | J JMP_IMM
916: 1004 1005 1006 1006, r44 -> p73 [p50] | MOV ADD_IMM
917: 1004 1005 1006 1006, r45 -> p3 [p7] | MOV SAVE_PC
918: 1004 1006 1007 1007, r44 -> p73, r45 -> p3 | MOV STORE
919: 1004 1005 1006 1007, r10 -> p87, r1 -> p72 [p76] | MOVSX SEXT_DWORD_TO_QWORD
920: 1005 1006 1007 1007, r1 -> p72, r1 -> p72, r1 -> p58 [p72] | LEA LEA
921: 1005 1006 1007 1007, r44 -> p74 [p73] | MOV SAVE_PC
922: 1005 1007 1011 1011, r44 -> p74, r10 -> p92 [p87] | MOV LOAD
923: 1005 1006 1007 1011, r44 -> p85 [p74] | MOV SAVE_PC
924: 1006 1007 1011 1011, r44 -> p85, r2 -> p114 [p113] | MOV LOAD
925: 1006 1011 1012 1012, r1 -> p58, r2 -> p114, r44 -> p116 [p85] | MOV LEA
926: 1007 1012 1013 1013, r10 -> p92, r44 -> p116 | MOV STORE
927: 1007 1008 1009 1013, r44 -> p94 [p116] | MOVSX SAVE_PC
928: 1007 1009 1013 1013, r44 -> p94, r44 -> p110 [p94] | MOVSX LOAD
929: 1007 1013 1014 1014, r44 -> p110, r1 -> p106 [p58] | MOVSX SEXT_DWORD_TO_QWORD
930: 1011 1014 1015 1015, r1 -> p106, r1 -> p106, r1 -> p53 [p106] | LEA LEA
931: 1011 1012 1013 1015, r44 -> p56 [p110] | MOV SAVE_PC
932: 1011 1013 1017 1017, r44 -> p56, r2 -> p117 [p114] | MOV LOAD
933: 1012 1017 1018 1018, r1 -> p53, r2 -> p117, r44 -> p121 [p56] | MOV LEA
934: 1013 1018 1019 1019, r0 -> p60, r44 -> p121 | MOV STORE
935: 1013 1014 1015 1019, r44 -> p52 [p121] | MOVSX SAVE_PC
936: 1013 1015 1019 1019, r44 -> p52, r44 -> p71 [p52] | MOVSX LOAD
937: 1014 1019 1020 1020, r44 -> p71, r0 -> p9 [p60] | MOVSX SEXT_DWORD_TO_QWORD
938: 1015 1020 1021 1021, r0 -> p9, r0 -> p9, r0 -> p59 [p9] | LEA LEA
939: 1015 1016 1017 1021, r44 -> p12 [p71] | MOV SAVE_PC
940: 1017 1018 1022 1022, r44 -> p12, r1 -> p11 [p53] | MOV LOAD
941: 1018 1022 1023 1023, r0 -> p59, r1 -> p11, r44 -> p124 [p12] | MOV LEA
942: 1019 1023 1024 1024, r14 -> p115, r44 -> p124 | MOV STORE
943: 1019 1020 1021 1024, r44 -> p98 [p124] | MOVSX SAVE_PC
944: 1019 1021 1025 1025, r44 -> p98, r44 -> p93 [p98] | MOVSX LOAD
945: 1020 1025 1026 1026, r44 -> p93, r0 -> p62 [p59] | MOVSX SEXT_DWORD_TO_QWORD
946: 1021 1026 1027 1027, r0 -> p62, r0 -> p62, r0 -> p10 [p62] | LEA LEA
947: 1021 1022 1023 1027, r44 -> p95 [p93] | MOV SAVE_PC
948: 1022 1023 1027 1027, r44 -> p95, r1 -> p100 [p11] | MOV LOAD
949: 1023 1027 1028 1028, r0 -> p10, r1 -> p100, r44 -> p84 [p95] | MOV LEA
950: 1024 1028 1029 1029, r44 -> p84 | MOV STORE
951: 1024 1025 1026 1029, r44 -> p101 [p84] | MOVSX SAVE_PC
952: 1025 1026 1030 1030, r44 -> p101, r44 -> p120 [p101] | MOVSX LOAD
953: 1026 1030 1031 1031, r44 -> p120, r0 -> p107 [p10] | MOVSX SEXT_DWORD_TO_QWORD
954: 1027 1031 1032 1032, r0 -> p107, r0 -> p107, r0 -> p127 [p107] | LEA LEA
955: 1027 1028 1029 1032, r44 -> p102 [p120] | MOV SAVE_PC
956: 1027 1029 1033 1033, r44 -> p102, r1 -> p123 [p100] | MOV LOAD
957: 1028 1033 1034 1034, r0 -> p127, r1 -> p123, r44 -> p103 [p102] | MOV LEA
958: 1029 1034 1035 1035, r44 -> p103 | MOV STORE
959: 1029 1030 1031 1035, r44 -> p80 [p103] | MOVSX SAVE_PC
960: 1030 1031 1035 1035, r44 -> p80, r44 -> p66 [p80] | MOVSX LOAD
961: 1031 1035 1036 1036, r44 -> p66, r0 -> p57 [p127] | MOVSX SEXT_DWORD_TO_QWORD
962: 1032 1036 1037 1037, r0 -> p57, r0 -> p57, r0 -> p67 [p57] | LEA LEA
963: 1032 1033 1034 1037, r44 -> p79 [p66] | MOV SAVE_PC
964: 1033 1034 1038 1038, r44 -> p79, r1 -> p77 [p123] | MOV LOAD
965: 1034 1038 1039 1039, r0 -> p67, r1 -> p77, r44 -> p8 [p79] | MOV LEA
966: 1035 1039 1040 1040, r44 -> p8 | MOV STORE
967: 1035 1036 1037 1040, r44 -> p1 [p8] | INC SAVE_PC
968: 1035 1037 1041 1041, r44 -> p1, r44 -> p45 [p1] | INC LOAD
969: 1036 1041 1042 1042, r44 -> p45, r44 -> p91 [p45] | INC ADD_IMM
970: 1037 1038 1039 1042, r45 -> p125 [p3] | INC SAVE_PC
971: 1037 1042 1043 1043, r44 -> p91, r45 -> p125 | INC STORE
972: 1038 1039 1043 1043, r4 -> p54, r3 -> p78 [p126] | POP LOAD
973: 1039 1040 1041 1043, r4 -> p54, r4 -> p109 [p54] | POP ADD_IMM
974: 1040 1041 1045 1045, r4 -> p109, r14 -> p63 [p115] | POP LOAD
975: 1040 1041 1042 1045, r4 -> p109, r4 -> p90 [p109] | POP ADD_IMM
976: 1041 1042 1046 1046, r4 -> p90, r44 -> p122 [p91] | RET LOAD
977: 1042 1043 1044 1046, r4 -> p90, r4 -> p97 [p90] | RET ADD_IMM
978: 1042 1046 1047 1047, r44 -> p122 | RET JMP_REG
979: 1043 1044 1045 1047 | JMP JMP_IMM
980: 1043 1044 1045 1047, r12 -> p0, r12 -> p112 [p0], r49 -> p70 [p6] | ADD ADD_IMM
981: 1043 1044 1048 1048, r4 -> p97, r45 -> p4 [p125] | CMP LOAD
982: 1045 1048 1049 1049, r15 -> p65, r45 -> p4, r44 -> p104 [p122], r49 -> p13 [p70] | CMP SUB
983: 1045 1049 1050 1050, r49 -> p13 | J JMP_IMM
984: 1046 1047 1048 1050, r44 -> p105 [p104] | MOV SAVE_PC
985: 1046 1048 1052 1052, r44 -> p105, r0 -> p44 [p67] | MOV LOAD
986: 1047 1052 1053 1053, r0 -> p44, r44 -> p15 [p105], r49 -> p119 [p13] | CMP SUB_IMM
987: 1047 1053 1054 1054, r49 -> p119 | J JMP_IMM
988: 1047 1048 1049 1054, r44 -> p81 [p15] | MOV SAVE_PC
989: 1048 1049 1053 1054, r44 -> p81, r1 -> p86 [p77] | MOV LOAD
990: 1049 1053 1054 1054, r1 -> p86, r44 -> p118 [p81], r49 -> p5 [p119] | CMP SUB_IMM
991: 1050 1054 1055 1055, r49 -> p5 | J JMP_IMM
992: 1060 1061 1065 1065, r12 -> p112, r44 -> p2 [p118] | MOVSX LOAD
993: 1060 1065 1066 1066, r44 -> p2, r13 -> p82 [p108] | MOVSX SEXT_DWORD_TO_QWORD
994: 1060 1066 1067 1067, r13 -> p82, r13 -> p82, r44 -> p64 [p2], r49 -> p96 [p5] | TEST AND
995: 1060 1067 1068 1068, r49 -> p96 | J JMP_IMM
996: 1061 1066 1067 1068, r13 -> p82, r5 -> p88 [p111] | MOV ADD
997: 1061 1062 1063 1068, r44 -> p61 [p64] | MOV SAVE_PC
998: 1061 1067 1068 1068, r5 -> p88, r44 -> p61 | MOV STORE
999: 1061 1062 1063 1069, r15 -> p65, r15 -> p89 [p65] | INC ADD_IMM
1000: 1065 1066 1070 1070, r13 -> p82, r1 -> p49 [p86] | MOV LOAD
Processed 1000 trace records.
Micro-ops: 1000
Macro-ops: 750
TotalCycles: 1071
uIPC: 0.933707
